{"C:\\Users\\Andrey\\IdeaProjects\\stellar-burgers1\\src\\components\\index.ts": {"path":"C:\\Users\\Andrey\\IdeaProjects\\stellar-burgers1\\src\\components\\index.ts","statementMap":{"0":{"start":{"line":1,"column":0},"end":{"line":1,"column":29}},"1":{"start":{"line":2,"column":0},"end":{"line":2,"column":37}},"2":{"start":{"line":3,"column":0},"end":{"line":3,"column":45}},"3":{"start":{"line":4,"column":0},"end":{"line":4,"column":36}},"4":{"start":{"line":5,"column":0},"end":{"line":5,"column":37}},"5":{"start":{"line":6,"column":0},"end":{"line":6,"column":28}},"6":{"start":{"line":7,"column":0},"end":{"line":7,"column":37}},"7":{"start":{"line":8,"column":0},"end":{"line":8,"column":39}},"8":{"start":{"line":9,"column":0},"end":{"line":9,"column":24}},"9":{"start":{"line":10,"column":0},"end":{"line":10,"column":29}},"10":{"start":{"line":11,"column":0},"end":{"line":11,"column":29}},"11":{"start":{"line":12,"column":0},"end":{"line":12,"column":31}},"12":{"start":{"line":13,"column":0},"end":{"line":13,"column":30}},"13":{"start":{"line":14,"column":0},"end":{"line":14,"column":31}}},"fnMap":{},"branchMap":{},"s":{"0":0,"1":0,"2":0,"3":0,"4":0,"5":0,"6":0,"7":0,"8":0,"9":0,"10":0,"11":0,"12":0,"13":0},"f":{},"b":{}}
,"C:\\Users\\Andrey\\IdeaProjects\\stellar-burgers1\\src\\components\\test-route.tsx": {"path":"C:\\Users\\Andrey\\IdeaProjects\\stellar-burgers1\\src\\components\\test-route.tsx","statementMap":{"0":{"start":{"line":1,"column":0},"end":{"line":1,"column":48}},"1":{"start":{"line":4,"column":25},"end":{"line":8,"column":1}},"2":{"start":{"line":4,"column":36},"end":{"line":4,"column":69}},"3":{"start":{"line":5,"column":15},"end":{"line":5,"column":66}},"4":{"start":{"line":5,"column":49},"end":{"line":5,"column":66}},"5":{"start":{"line":6,"column":2},"end":{"line":6,"column":39}},"6":{"start":{"line":7,"column":2},"end":{"line":7,"column":25}},"7":{"start":{"line":4,"column":13},"end":{"line":4,"column":25}}},"fnMap":{"0":{"name":"(anonymous_0)","decl":{"start":{"line":4,"column":25},"end":{"line":4,"column":26}},"loc":{"start":{"line":4,"column":69},"end":{"line":8,"column":1}}},"1":{"name":"(anonymous_1)","decl":{"start":{"line":5,"column":27},"end":{"line":5,"column":28}},"loc":{"start":{"line":5,"column":44},"end":{"line":5,"column":66}}}},"branchMap":{"0":{"loc":{"start":{"line":5,"column":49},"end":{"line":5,"column":65}},"type":"cond-expr","locations":[{"start":{"line":5,"column":59},"end":{"line":5,"column":61}},{"start":{"line":5,"column":59},"end":{"line":5,"column":65}}]},"1":{"loc":{"start":{"line":5,"column":49},"end":{"line":5,"column":61}},"type":"binary-expr","locations":[{"start":{"line":5,"column":49},"end":{"line":5,"column":61}},{"start":{"line":5,"column":59},"end":{"line":5,"column":61}}]}},"s":{"0":0,"1":0,"2":0,"3":0,"4":0,"5":0,"6":0,"7":0},"f":{"0":0,"1":0},"b":{"0":[0,0],"1":[0,0]}}
,"C:\\Users\\Andrey\\IdeaProjects\\stellar-burgers1\\src\\components\\app\\app.tsx": {"path":"C:\\Users\\Andrey\\IdeaProjects\\stellar-burgers1\\src\\components\\app\\app.tsx","statementMap":{"0":{"start":{"line":1,"column":0},"end":{"line":1,"column":41}},"1":{"start":{"line":2,"column":0},"end":{"line":2,"column":77}},"2":{"start":{"line":3,"column":0},"end":{"line":3,"column":51}},"3":{"start":{"line":4,"column":0},"end":{"line":4,"column":74}},"4":{"start":{"line":5,"column":0},"end":{"line":5,"column":58}},"5":{"start":{"line":6,"column":0},"end":{"line":6,"column":68}},"6":{"start":{"line":8,"column":0},"end":{"line":8,"column":25}},"7":{"start":{"line":9,"column":0},"end":{"line":9,"column":38}},"8":{"start":{"line":11,"column":0},"end":{"line":11,"column":77}},"9":{"start":{"line":13,"column":0},"end":{"line":13,"column":null}},"10":{"start":{"line":25,"column":19},"end":{"line":147,"column":1}},"11":{"start":{"line":26,"column":19},"end":{"line":26,"column":32}},"12":{"start":{"line":27,"column":21},"end":{"line":27,"column":47}},"13":{"start":{"line":29,"column":19},"end":{"line":29,"column":32}},"14":{"start":{"line":31,"column":2},"end":{"line":34,"column":17}},"15":{"start":{"line":32,"column":4},"end":{"line":32,"column":33}},"16":{"start":{"line":33,"column":4},"end":{"line":33,"column":24}},"17":{"start":{"line":36,"column":2},"end":{"line":146,"column":4}},"18":{"start":{"line":115,"column":31},"end":{"line":115,"column":null}},"19":{"start":{"line":126,"column":31},"end":{"line":126,"column":null}},"20":{"start":{"line":137,"column":31},"end":{"line":137,"column":null}},"21":{"start":{"line":149,"column":12},"end":{"line":149,"column":null}},"22":{"start":{"line":149,"column":18},"end":{"line":153,"column":2}},"23":{"start":{"line":155,"column":0},"end":{"line":155,"column":19}}},"fnMap":{"0":{"name":"(anonymous_1)","decl":{"start":{"line":25,"column":19},"end":{"line":25,"column":null}},"loc":{"start":{"line":25,"column":19},"end":{"line":147,"column":1}}},"1":{"name":"(anonymous_2)","decl":{"start":{"line":31,"column":12},"end":{"line":31,"column":null}},"loc":{"start":{"line":31,"column":12},"end":{"line":34,"column":3}}},"2":{"name":"(anonymous_3)","decl":{"start":{"line":115,"column":25},"end":{"line":115,"column":31}},"loc":{"start":{"line":115,"column":25},"end":{"line":115,"column":37}}},"3":{"name":"(anonymous_4)","decl":{"start":{"line":126,"column":25},"end":{"line":126,"column":31}},"loc":{"start":{"line":126,"column":25},"end":{"line":126,"column":37}}},"4":{"name":"(anonymous_5)","decl":{"start":{"line":137,"column":25},"end":{"line":137,"column":31}},"loc":{"start":{"line":137,"column":25},"end":{"line":137,"column":37}}},"5":{"name":"(anonymous_6)","decl":{"start":{"line":149,"column":12},"end":{"line":149,"column":18}},"loc":{"start":{"line":149,"column":12},"end":{"line":149,"column":null}}}},"branchMap":{"0":{"loc":{"start":{"line":27,"column":21},"end":{"line":27,"column":47}},"type":"cond-expr","locations":[{"start":{"line":27,"column":35},"end":{"line":27,"column":37}},{"start":{"line":27,"column":35},"end":{"line":27,"column":47}}]},"1":{"loc":{"start":{"line":27,"column":21},"end":{"line":27,"column":37}},"type":"binary-expr","locations":[{"start":{"line":27,"column":21},"end":{"line":27,"column":37}},{"start":{"line":27,"column":35},"end":{"line":27,"column":37}}]},"2":{"loc":{"start":{"line":39,"column":24},"end":{"line":39,"column":46}},"type":"binary-expr","locations":[{"start":{"line":39,"column":24},"end":{"line":39,"column":34}},{"start":{"line":39,"column":38},"end":{"line":39,"column":46}}]},"3":{"loc":{"start":{"line":108,"column":7},"end":{"line":143,"column":null}},"type":"binary-expr","locations":[{"start":{"line":108,"column":7},"end":{"line":108,"column":17}},{"start":{"line":109,"column":8},"end":{"line":142,"column":null}}]}},"s":{"0":0,"1":0,"2":0,"3":0,"4":0,"5":0,"6":0,"7":0,"8":0,"9":0,"10":0,"11":0,"12":0,"13":0,"14":0,"15":0,"16":0,"17":0,"18":0,"19":0,"20":0,"21":0,"22":0,"23":0},"f":{"0":0,"1":0,"2":0,"3":0,"4":0,"5":0},"b":{"0":[0,0],"1":[0,0],"2":[0,0],"3":[0,0]}}
,"C:\\Users\\Andrey\\IdeaProjects\\stellar-burgers1\\src\\components\\app-header\\app-header.tsx": {"path":"C:\\Users\\Andrey\\IdeaProjects\\stellar-burgers1\\src\\components\\app-header\\app-header.tsx","statementMap":{"0":{"start":{"line":2,"column":0},"end":{"line":2,"column":34}},"1":{"start":{"line":4,"column":29},"end":{"line":4,"column":36}},"2":{"start":{"line":4,"column":35},"end":{"line":4,"column":63}},"3":{"start":{"line":4,"column":13},"end":{"line":4,"column":29}}},"fnMap":{"0":{"name":"(anonymous_0)","decl":{"start":{"line":4,"column":29},"end":{"line":4,"column":35}},"loc":{"start":{"line":4,"column":29},"end":{"line":4,"column":36}}}},"branchMap":{},"s":{"0":0,"1":0,"2":0,"3":0},"f":{"0":0},"b":{}}
,"C:\\Users\\Andrey\\IdeaProjects\\stellar-burgers1\\src\\components\\app-header\\index.ts": {"path":"C:\\Users\\Andrey\\IdeaProjects\\stellar-burgers1\\src\\components\\app-header\\index.ts","statementMap":{"0":{"start":{"line":1,"column":0},"end":{"line":1,"column":9}},"1":{"start":{"line":1,"column":9},"end":{"line":1,"column":41}}},"fnMap":{"0":{"name":"(anonymous_0)","decl":{"start":{"line":1,"column":9},"end":{"line":1,"column":18}},"loc":{"start":{"line":1,"column":9},"end":{"line":1,"column":41}}}},"branchMap":{},"s":{"0":0,"1":0},"f":{"0":0},"b":{}}
,"C:\\Users\\Andrey\\IdeaProjects\\stellar-burgers1\\src\\components\\burger-constructor\\burger-constructor.tsx": {"path":"C:\\Users\\Andrey\\IdeaProjects\\stellar-burgers1\\src\\components\\burger-constructor\\burger-constructor.tsx","statementMap":{"0":{"start":{"line":1,"column":0},"end":{"line":1,"column":36}},"1":{"start":{"line":2,"column":0},"end":{"line":2,"column":64}},"2":{"start":{"line":4,"column":0},"end":{"line":4,"column":47}},"3":{"start":{"line":6,"column":0},"end":{"line":6,"column":42}},"4":{"start":{"line":7,"column":0},"end":{"line":7,"column":74}},"5":{"start":{"line":8,"column":0},"end":{"line":8,"column":74}},"6":{"start":{"line":9,"column":0},"end":{"line":9,"column":47}},"7":{"start":{"line":11,"column":37},"end":{"line":83,"column":1}},"8":{"start":{"line":12,"column":19},"end":{"line":12,"column":32}},"9":{"start":{"line":13,"column":19},"end":{"line":13,"column":32}},"10":{"start":{"line":15,"column":14},"end":{"line":15,"column":76}},"11":{"start":{"line":15,"column":48},"end":{"line":15,"column":76}},"12":{"start":{"line":16,"column":22},"end":{"line":17,"column":null}},"13":{"start":{"line":17,"column":26},"end":{"line":17,"column":null}},"14":{"start":{"line":19,"column":15},"end":{"line":19,"column":65}},"15":{"start":{"line":19,"column":49},"end":{"line":19,"column":65}},"16":{"start":{"line":20,"column":23},"end":{"line":21,"column":null}},"17":{"start":{"line":21,"column":26},"end":{"line":21,"column":null}},"18":{"start":{"line":23,"column":25},"end":{"line":24,"column":null}},"19":{"start":{"line":24,"column":26},"end":{"line":24,"column":null}},"20":{"start":{"line":27,"column":27},"end":{"line":39,"column":4}},"21":{"start":{"line":35,"column":50},"end":{"line":38,"column":7}},"22":{"start":{"line":41,"column":23},"end":{"line":60,"column":3}},"23":{"start":{"line":42,"column":4},"end":{"line":42,"column":21}},"24":{"start":{"line":42,"column":14},"end":{"line":42,"column":21}},"25":{"start":{"line":43,"column":24},"end":{"line":43,"column":48}},"26":{"start":{"line":44,"column":4},"end":{"line":47,"column":5}},"27":{"start":{"line":45,"column":6},"end":{"line":45,"column":25}},"28":{"start":{"line":46,"column":6},"end":{"line":46,"column":13}},"29":{"start":{"line":49,"column":24},"end":{"line":53,"column":6}},"30":{"start":{"line":51,"column":48},"end":{"line":51,"column":57}},"31":{"start":{"line":55,"column":4},"end":{"line":59,"column":7}},"32":{"start":{"line":56,"column":6},"end":{"line":58,"column":7}},"33":{"start":{"line":57,"column":8},"end":{"line":57,"column":37}},"34":{"start":{"line":62,"column":33},"end":{"line":64,"column":3}},"35":{"start":{"line":63,"column":4},"end":{"line":63,"column":27}},"36":{"start":{"line":66,"column":16},"end":{"line":70,"column":null}},"37":{"start":{"line":68,"column":6},"end":{"line":69,"column":null}},"38":{"start":{"line":69,"column":56},"end":{"line":69,"column":69}},"39":{"start":{"line":73,"column":2},"end":{"line":82,"column":4}},"40":{"start":{"line":11,"column":13},"end":{"line":11,"column":37}}},"fnMap":{"0":{"name":"(anonymous_3)","decl":{"start":{"line":11,"column":37},"end":{"line":11,"column":null}},"loc":{"start":{"line":11,"column":37},"end":{"line":83,"column":1}}},"1":{"name":"(anonymous_4)","decl":{"start":{"line":15,"column":26},"end":{"line":15,"column":27}},"loc":{"start":{"line":15,"column":43},"end":{"line":15,"column":53}}},"2":{"name":"(anonymous_5)","decl":{"start":{"line":17,"column":4},"end":{"line":17,"column":5}},"loc":{"start":{"line":17,"column":21},"end":{"line":17,"column":31}}},"3":{"name":"(anonymous_6)","decl":{"start":{"line":19,"column":27},"end":{"line":19,"column":28}},"loc":{"start":{"line":19,"column":44},"end":{"line":19,"column":54}}},"4":{"name":"(anonymous_7)","decl":{"start":{"line":21,"column":4},"end":{"line":21,"column":5}},"loc":{"start":{"line":21,"column":21},"end":{"line":21,"column":31}}},"5":{"name":"(anonymous_8)","decl":{"start":{"line":24,"column":4},"end":{"line":24,"column":5}},"loc":{"start":{"line":24,"column":21},"end":{"line":24,"column":31}}},"6":{"name":"(anonymous_9)","decl":{"start":{"line":35,"column":33},"end":{"line":35,"column":34}},"loc":{"start":{"line":35,"column":45},"end":{"line":35,"column":null}}},"7":{"name":"(anonymous_10)","decl":{"start":{"line":41,"column":23},"end":{"line":41,"column":null}},"loc":{"start":{"line":41,"column":23},"end":{"line":60,"column":3}}},"8":{"name":"(anonymous_11)","decl":{"start":{"line":51,"column":25},"end":{"line":51,"column":26}},"loc":{"start":{"line":51,"column":43},"end":{"line":51,"column":52}}},"9":{"name":"(anonymous_12)","decl":{"start":{"line":55,"column":46},"end":{"line":55,"column":47}},"loc":{"start":{"line":55,"column":53},"end":{"line":59,"column":5}}},"10":{"name":"(anonymous_13)","decl":{"start":{"line":62,"column":33},"end":{"line":62,"column":null}},"loc":{"start":{"line":62,"column":33},"end":{"line":64,"column":3}}},"11":{"name":"(anonymous_14)","decl":{"start":{"line":67,"column":4},"end":{"line":67,"column":null}},"loc":{"start":{"line":67,"column":4},"end":{"line":68,"column":7}}},"12":{"name":"(anonymous_15)","decl":{"start":{"line":69,"column":25},"end":{"line":69,"column":26}},"loc":{"start":{"line":69,"column":51},"end":{"line":69,"column":57}}}},"branchMap":{"0":{"loc":{"start":{"line":28,"column":9},"end":{"line":34,"column":12}},"type":"cond-expr","locations":[{"start":{"line":29,"column":7},"end":{"line":32,"column":null}},{"start":{"line":34,"column":8},"end":{"line":34,"column":12}}]},"1":{"loc":{"start":{"line":42,"column":4},"end":{"line":42,"column":21}},"type":"if","locations":[{"start":{"line":42,"column":4},"end":{"line":42,"column":21}}]},"2":{"loc":{"start":{"line":44,"column":4},"end":{"line":47,"column":5}},"type":"if","locations":[{"start":{"line":44,"column":4},"end":{"line":47,"column":5}}]},"3":{"loc":{"start":{"line":56,"column":6},"end":{"line":58,"column":7}},"type":"if","locations":[{"start":{"line":56,"column":6},"end":{"line":58,"column":7}}]},"4":{"loc":{"start":{"line":68,"column":7},"end":{"line":68,"column":30}},"type":"cond-expr","locations":[{"start":{"line":68,"column":13},"end":{"line":68,"column":26}},{"start":{"line":68,"column":29},"end":{"line":68,"column":30}}]}},"s":{"0":0,"1":0,"2":0,"3":0,"4":0,"5":0,"6":0,"7":0,"8":0,"9":0,"10":0,"11":0,"12":0,"13":0,"14":0,"15":0,"16":0,"17":0,"18":0,"19":0,"20":0,"21":0,"22":0,"23":0,"24":0,"25":0,"26":0,"27":0,"28":0,"29":0,"30":0,"31":0,"32":0,"33":0,"34":0,"35":0,"36":0,"37":0,"38":0,"39":0,"40":0},"f":{"0":0,"1":0,"2":0,"3":0,"4":0,"5":0,"6":0,"7":0,"8":0,"9":0,"10":0,"11":0,"12":0},"b":{"0":[0,0],"1":[0],"2":[0],"3":[0],"4":[0,0]}}
,"C:\\Users\\Andrey\\IdeaProjects\\stellar-burgers1\\src\\components\\burger-constructor\\index.ts": {"path":"C:\\Users\\Andrey\\IdeaProjects\\stellar-burgers1\\src\\components\\burger-constructor\\index.ts","statementMap":{"0":{"start":{"line":1,"column":0},"end":{"line":1,"column":9}},"1":{"start":{"line":1,"column":9},"end":{"line":1,"column":57}}},"fnMap":{"0":{"name":"(anonymous_0)","decl":{"start":{"line":1,"column":9},"end":{"line":1,"column":26}},"loc":{"start":{"line":1,"column":9},"end":{"line":1,"column":57}}}},"branchMap":{},"s":{"0":0,"1":0},"f":{"0":0},"b":{}}
,"C:\\Users\\Andrey\\IdeaProjects\\stellar-burgers1\\src\\components\\burger-constructor-element\\burger-constructor-element.tsx": {"path":"C:\\Users\\Andrey\\IdeaProjects\\stellar-burgers1\\src\\components\\burger-constructor-element\\burger-constructor-element.tsx","statementMap":{"0":{"start":{"line":1,"column":0},"end":{"line":1,"column":33}},"1":{"start":{"line":2,"column":0},"end":{"line":2,"column":51}},"2":{"start":{"line":3,"column":0},"end":{"line":3,"column":null}},"3":{"start":{"line":7,"column":0},"end":{"line":7,"column":49}},"4":{"start":{"line":10,"column":13},"end":{"line":37,"column":2}},"5":{"start":{"line":11,"column":15},"end":{"line":11,"column":17}},"6":{"start":{"line":11,"column":22},"end":{"line":11,"column":24}},"7":{"start":{"line":11,"column":34},"end":{"line":11,"column":36}},"8":{"start":{"line":12,"column":21},"end":{"line":12,"column":34}},"9":{"start":{"line":14,"column":27},"end":{"line":16,"column":5}},"10":{"start":{"line":15,"column":6},"end":{"line":15,"column":63}},"11":{"start":{"line":18,"column":25},"end":{"line":20,"column":5}},"12":{"start":{"line":19,"column":6},"end":{"line":19,"column":63}},"13":{"start":{"line":22,"column":24},"end":{"line":24,"column":5}},"14":{"start":{"line":23,"column":6},"end":{"line":23,"column":40}},"15":{"start":{"line":26,"column":4},"end":{"line":35,"column":6}}},"fnMap":{"0":{"name":"(anonymous_0)","decl":{"start":{"line":11,"column":2},"end":{"line":11,"column":3}},"loc":{"start":{"line":11,"column":36},"end":{"line":36,"column":3}}},"1":{"name":"(anonymous_1)","decl":{"start":{"line":14,"column":27},"end":{"line":14,"column":null}},"loc":{"start":{"line":14,"column":27},"end":{"line":16,"column":5}}},"2":{"name":"(anonymous_2)","decl":{"start":{"line":18,"column":25},"end":{"line":18,"column":null}},"loc":{"start":{"line":18,"column":25},"end":{"line":20,"column":5}}},"3":{"name":"(anonymous_3)","decl":{"start":{"line":22,"column":24},"end":{"line":22,"column":null}},"loc":{"start":{"line":22,"column":24},"end":{"line":24,"column":5}}}},"branchMap":{},"s":{"0":0,"1":0,"2":0,"3":0,"4":0,"5":0,"6":0,"7":0,"8":0,"9":0,"10":0,"11":0,"12":0,"13":0,"14":0,"15":0},"f":{"0":0,"1":0,"2":0,"3":0},"b":{}}
,"C:\\Users\\Andrey\\IdeaProjects\\stellar-burgers1\\src\\components\\burger-constructor-element\\index.ts": {"path":"C:\\Users\\Andrey\\IdeaProjects\\stellar-burgers1\\src\\components\\burger-constructor-element\\index.ts","statementMap":{"0":{"start":{"line":1,"column":0},"end":{"line":1,"column":9}},"1":{"start":{"line":1,"column":9},"end":{"line":1,"column":72}}},"fnMap":{"0":{"name":"(anonymous_0)","decl":{"start":{"line":1,"column":9},"end":{"line":1,"column":33}},"loc":{"start":{"line":1,"column":9},"end":{"line":1,"column":72}}}},"branchMap":{},"s":{"0":0,"1":0},"f":{"0":0},"b":{}}
,"C:\\Users\\Andrey\\IdeaProjects\\stellar-burgers1\\src\\components\\burger-ingredient\\burger-ingredient.tsx": {"path":"C:\\Users\\Andrey\\IdeaProjects\\stellar-burgers1\\src\\components\\burger-ingredient\\burger-ingredient.tsx","statementMap":{"0":{"start":{"line":1,"column":0},"end":{"line":1,"column":33}},"1":{"start":{"line":2,"column":0},"end":{"line":2,"column":47}},"2":{"start":{"line":3,"column":0},"end":{"line":3,"column":51}},"3":{"start":{"line":4,"column":0},"end":{"line":4,"column":71}},"4":{"start":{"line":5,"column":0},"end":{"line":5,"column":41}},"5":{"start":{"line":8,"column":13},"end":{"line":26,"column":2}},"6":{"start":{"line":9,"column":15},"end":{"line":9,"column":17}},"7":{"start":{"line":9,"column":22},"end":{"line":9,"column":24}},"8":{"start":{"line":10,"column":21},"end":{"line":10,"column":34}},"9":{"start":{"line":11,"column":21},"end":{"line":11,"column":34}},"10":{"start":{"line":13,"column":22},"end":{"line":15,"column":5}},"11":{"start":{"line":14,"column":6},"end":{"line":14,"column":42}},"12":{"start":{"line":17,"column":4},"end":{"line":24,"column":6}}},"fnMap":{"0":{"name":"(anonymous_0)","decl":{"start":{"line":9,"column":2},"end":{"line":9,"column":3}},"loc":{"start":{"line":9,"column":24},"end":{"line":25,"column":3}}},"1":{"name":"(anonymous_1)","decl":{"start":{"line":13,"column":22},"end":{"line":13,"column":null}},"loc":{"start":{"line":13,"column":22},"end":{"line":15,"column":5}}}},"branchMap":{},"s":{"0":0,"1":0,"2":0,"3":0,"4":0,"5":0,"6":0,"7":0,"8":0,"9":0,"10":0,"11":0,"12":0},"f":{"0":0,"1":0},"b":{}}
,"C:\\Users\\Andrey\\IdeaProjects\\stellar-burgers1\\src\\components\\burger-ingredient\\index.ts": {"path":"C:\\Users\\Andrey\\IdeaProjects\\stellar-burgers1\\src\\components\\burger-ingredient\\index.ts","statementMap":{"0":{"start":{"line":1,"column":0},"end":{"line":1,"column":9}},"1":{"start":{"line":1,"column":9},"end":{"line":1,"column":55}}},"fnMap":{"0":{"name":"(anonymous_0)","decl":{"start":{"line":1,"column":9},"end":{"line":1,"column":25}},"loc":{"start":{"line":1,"column":9},"end":{"line":1,"column":55}}}},"branchMap":{},"s":{"0":0,"1":0},"f":{"0":0},"b":{}}
,"C:\\Users\\Andrey\\IdeaProjects\\stellar-burgers1\\src\\components\\burger-ingredients\\burger-ingredients.tsx": {"path":"C:\\Users\\Andrey\\IdeaProjects\\stellar-burgers1\\src\\components\\burger-ingredients\\burger-ingredients.tsx","statementMap":{"0":{"start":{"line":1,"column":0},"end":{"line":1,"column":56}},"1":{"start":{"line":2,"column":0},"end":{"line":2,"column":56}},"2":{"start":{"line":3,"column":0},"end":{"line":3,"column":64}},"3":{"start":{"line":6,"column":0},"end":{"line":6,"column":63}},"4":{"start":{"line":9,"column":37},"end":{"line":71,"column":1}},"5":{"start":{"line":10,"column":19},"end":{"line":10,"column":32}},"6":{"start":{"line":11,"column":22},"end":{"line":12,"column":null}},"7":{"start":{"line":12,"column":26},"end":{"line":12,"column":null}},"8":{"start":{"line":15,"column":15},"end":{"line":15,"column":64}},"9":{"start":{"line":15,"column":44},"end":{"line":15,"column":64}},"10":{"start":{"line":16,"column":16},"end":{"line":16,"column":66}},"11":{"start":{"line":16,"column":45},"end":{"line":16,"column":66}},"12":{"start":{"line":17,"column":17},"end":{"line":17,"column":68}},"13":{"start":{"line":17,"column":46},"end":{"line":17,"column":68}},"14":{"start":{"line":19,"column":38},"end":{"line":19,"column":63}},"15":{"start":{"line":19,"column":19},"end":{"line":19,"column":21}},"16":{"start":{"line":19,"column":34},"end":{"line":19,"column":38}},"17":{"start":{"line":20,"column":22},"end":{"line":20,"column":54}},"18":{"start":{"line":21,"column":23},"end":{"line":21,"column":55}},"19":{"start":{"line":22,"column":25},"end":{"line":22,"column":57}},"20":{"start":{"line":24,"column":32},"end":{"line":26,"column":4}},"21":{"start":{"line":24,"column":16},"end":{"line":24,"column":18}},"22":{"start":{"line":24,"column":28},"end":{"line":24,"column":32}},"23":{"start":{"line":28,"column":36},"end":{"line":30,"column":4}},"24":{"start":{"line":28,"column":17},"end":{"line":28,"column":19}},"25":{"start":{"line":28,"column":32},"end":{"line":28,"column":36}},"26":{"start":{"line":32,"column":36},"end":{"line":34,"column":4}},"27":{"start":{"line":32,"column":18},"end":{"line":32,"column":20}},"28":{"start":{"line":32,"column":32},"end":{"line":32,"column":36}},"29":{"start":{"line":36,"column":2},"end":{"line":44,"column":48}},"30":{"start":{"line":37,"column":4},"end":{"line":43,"column":5}},"31":{"start":{"line":38,"column":6},"end":{"line":38,"column":27}},"32":{"start":{"line":39,"column":11},"end":{"line":43,"column":5}},"33":{"start":{"line":40,"column":6},"end":{"line":40,"column":29}},"34":{"start":{"line":41,"column":11},"end":{"line":43,"column":5}},"35":{"start":{"line":42,"column":6},"end":{"line":42,"column":28}},"36":{"start":{"line":46,"column":21},"end":{"line":54,"column":3}},"37":{"start":{"line":47,"column":4},"end":{"line":47,"column":35}},"38":{"start":{"line":48,"column":4},"end":{"line":49,"column":66}},"39":{"start":{"line":49,"column":6},"end":{"line":49,"column":66}},"40":{"start":{"line":50,"column":4},"end":{"line":51,"column":67}},"41":{"start":{"line":51,"column":6},"end":{"line":51,"column":67}},"42":{"start":{"line":52,"column":4},"end":{"line":53,"column":69}},"43":{"start":{"line":53,"column":6},"end":{"line":53,"column":69}},"44":{"start":{"line":56,"column":2},"end":{"line":70,"column":4}},"45":{"start":{"line":9,"column":13},"end":{"line":9,"column":37}}},"fnMap":{"0":{"name":"(anonymous_0)","decl":{"start":{"line":9,"column":37},"end":{"line":9,"column":null}},"loc":{"start":{"line":9,"column":37},"end":{"line":71,"column":1}}},"1":{"name":"(anonymous_1)","decl":{"start":{"line":12,"column":4},"end":{"line":12,"column":5}},"loc":{"start":{"line":12,"column":21},"end":{"line":12,"column":31}}},"2":{"name":"(anonymous_2)","decl":{"start":{"line":15,"column":34},"end":{"line":15,"column":35}},"loc":{"start":{"line":15,"column":39},"end":{"line":15,"column":48}}},"3":{"name":"(anonymous_3)","decl":{"start":{"line":16,"column":35},"end":{"line":16,"column":36}},"loc":{"start":{"line":16,"column":40},"end":{"line":16,"column":49}}},"4":{"name":"(anonymous_4)","decl":{"start":{"line":17,"column":36},"end":{"line":17,"column":37}},"loc":{"start":{"line":17,"column":41},"end":{"line":17,"column":50}}},"5":{"name":"(anonymous_5)","decl":{"start":{"line":36,"column":12},"end":{"line":36,"column":null}},"loc":{"start":{"line":36,"column":12},"end":{"line":44,"column":3}}},"6":{"name":"(anonymous_6)","decl":{"start":{"line":46,"column":21},"end":{"line":46,"column":22}},"loc":{"start":{"line":46,"column":33},"end":{"line":54,"column":3}}}},"branchMap":{"0":{"loc":{"start":{"line":37,"column":4},"end":{"line":43,"column":5}},"type":"if","locations":[{"start":{"line":37,"column":4},"end":{"line":43,"column":5}},{"start":{"line":39,"column":11},"end":{"line":43,"column":5}}]},"1":{"loc":{"start":{"line":39,"column":11},"end":{"line":43,"column":5}},"type":"if","locations":[{"start":{"line":39,"column":11},"end":{"line":43,"column":5}},{"start":{"line":41,"column":11},"end":{"line":43,"column":5}}]},"2":{"loc":{"start":{"line":41,"column":11},"end":{"line":43,"column":5}},"type":"if","locations":[{"start":{"line":41,"column":11},"end":{"line":43,"column":5}}]},"3":{"loc":{"start":{"line":48,"column":4},"end":{"line":49,"column":66}},"type":"if","locations":[{"start":{"line":48,"column":4},"end":{"line":49,"column":66}}]},"4":{"loc":{"start":{"line":49,"column":6},"end":{"line":49,"column":65}},"type":"cond-expr","locations":[{"start":{"line":49,"column":25},"end":{"line":49,"column":27}},{"start":{"line":49,"column":25},"end":{"line":49,"column":65}}]},"5":{"loc":{"start":{"line":49,"column":6},"end":{"line":49,"column":27}},"type":"binary-expr","locations":[{"start":{"line":49,"column":6},"end":{"line":49,"column":27}},{"start":{"line":49,"column":25},"end":{"line":49,"column":27}}]},"6":{"loc":{"start":{"line":50,"column":4},"end":{"line":51,"column":67}},"type":"if","locations":[{"start":{"line":50,"column":4},"end":{"line":51,"column":67}}]},"7":{"loc":{"start":{"line":51,"column":6},"end":{"line":51,"column":66}},"type":"cond-expr","locations":[{"start":{"line":51,"column":26},"end":{"line":51,"column":28}},{"start":{"line":51,"column":26},"end":{"line":51,"column":66}}]},"8":{"loc":{"start":{"line":51,"column":6},"end":{"line":51,"column":28}},"type":"binary-expr","locations":[{"start":{"line":51,"column":6},"end":{"line":51,"column":28}},{"start":{"line":51,"column":26},"end":{"line":51,"column":28}}]},"9":{"loc":{"start":{"line":52,"column":4},"end":{"line":53,"column":69}},"type":"if","locations":[{"start":{"line":52,"column":4},"end":{"line":53,"column":69}}]},"10":{"loc":{"start":{"line":53,"column":6},"end":{"line":53,"column":68}},"type":"cond-expr","locations":[{"start":{"line":53,"column":28},"end":{"line":53,"column":30}},{"start":{"line":53,"column":28},"end":{"line":53,"column":68}}]},"11":{"loc":{"start":{"line":53,"column":6},"end":{"line":53,"column":30}},"type":"binary-expr","locations":[{"start":{"line":53,"column":6},"end":{"line":53,"column":30}},{"start":{"line":53,"column":28},"end":{"line":53,"column":30}}]}},"s":{"0":0,"1":0,"2":0,"3":0,"4":0,"5":0,"6":0,"7":0,"8":0,"9":0,"10":0,"11":0,"12":0,"13":0,"14":0,"15":0,"16":0,"17":0,"18":0,"19":0,"20":0,"21":0,"22":0,"23":0,"24":0,"25":0,"26":0,"27":0,"28":0,"29":0,"30":0,"31":0,"32":0,"33":0,"34":0,"35":0,"36":0,"37":0,"38":0,"39":0,"40":0,"41":0,"42":0,"43":0,"44":0,"45":0},"f":{"0":0,"1":0,"2":0,"3":0,"4":0,"5":0,"6":0},"b":{"0":[0,0],"1":[0,0],"2":[0],"3":[0],"4":[0,0],"5":[0,0],"6":[0],"7":[0,0],"8":[0,0],"9":[0],"10":[0,0],"11":[0,0]}}
,"C:\\Users\\Andrey\\IdeaProjects\\stellar-burgers1\\src\\components\\burger-ingredients\\index.ts": {"path":"C:\\Users\\Andrey\\IdeaProjects\\stellar-burgers1\\src\\components\\burger-ingredients\\index.ts","statementMap":{"0":{"start":{"line":1,"column":0},"end":{"line":1,"column":9}},"1":{"start":{"line":1,"column":9},"end":{"line":1,"column":57}}},"fnMap":{"0":{"name":"(anonymous_0)","decl":{"start":{"line":1,"column":9},"end":{"line":1,"column":26}},"loc":{"start":{"line":1,"column":9},"end":{"line":1,"column":57}}}},"branchMap":{},"s":{"0":0,"1":0},"f":{"0":0},"b":{}}
,"C:\\Users\\Andrey\\IdeaProjects\\stellar-burgers1\\src\\components\\feed-info\\feed-info.tsx": {"path":"C:\\Users\\Andrey\\IdeaProjects\\stellar-burgers1\\src\\components\\feed-info\\feed-info.tsx","statementMap":{"0":{"start":{"line":2,"column":0},"end":{"line":2,"column":51}},"1":{"start":{"line":5,"column":0},"end":{"line":5,"column":45}},"2":{"start":{"line":7,"column":18},"end":{"line":8,"column":8}},"3":{"start":{"line":8,"column":2},"end":{"line":11,"column":18}},"4":{"start":{"line":9,"column":22},"end":{"line":9,"column":45}},"5":{"start":{"line":10,"column":19},"end":{"line":10,"column":31}},"6":{"start":{"line":13,"column":28},"end":{"line":48,"column":1}},"7":{"start":{"line":14,"column":19},"end":{"line":15,"column":null}},"8":{"start":{"line":15,"column":26},"end":{"line":15,"column":null}},"9":{"start":{"line":17,"column":18},"end":{"line":18,"column":null}},"10":{"start":{"line":18,"column":26},"end":{"line":18,"column":null}},"11":{"start":{"line":20,"column":23},"end":{"line":21,"column":null}},"12":{"start":{"line":21,"column":26},"end":{"line":21,"column":null}},"13":{"start":{"line":24,"column":20},"end":{"line":24,"column":72}},"14":{"start":{"line":24,"column":54},"end":{"line":24,"column":72}},"15":{"start":{"line":25,"column":19},"end":{"line":25,"column":70}},"16":{"start":{"line":25,"column":53},"end":{"line":25,"column":70}},"17":{"start":{"line":26,"column":24},"end":{"line":27,"column":null}},"18":{"start":{"line":27,"column":26},"end":{"line":27,"column":null}},"19":{"start":{"line":30,"column":20},"end":{"line":30,"column":54}},"20":{"start":{"line":32,"column":17},"end":{"line":32,"column":49}},"21":{"start":{"line":33,"column":15},"end":{"line":36,"column":4}},"22":{"start":{"line":38,"column":22},"end":{"line":38,"column":47}},"23":{"start":{"line":39,"column":24},"end":{"line":39,"column":52}},"24":{"start":{"line":41,"column":2},"end":{"line":47,"column":4}},"25":{"start":{"line":13,"column":13},"end":{"line":13,"column":28}}},"fnMap":{"0":{"name":"(anonymous_0)","decl":{"start":{"line":7,"column":18},"end":{"line":7,"column":19}},"loc":{"start":{"line":7,"column":51},"end":{"line":8,"column":8}}},"1":{"name":"(anonymous_1)","decl":{"start":{"line":9,"column":12},"end":{"line":9,"column":13}},"loc":{"start":{"line":9,"column":17},"end":{"line":9,"column":26}}},"2":{"name":"(anonymous_2)","decl":{"start":{"line":10,"column":9},"end":{"line":10,"column":10}},"loc":{"start":{"line":10,"column":14},"end":{"line":10,"column":23}}},"3":{"name":"(anonymous_3)","decl":{"start":{"line":13,"column":28},"end":{"line":13,"column":null}},"loc":{"start":{"line":13,"column":28},"end":{"line":48,"column":1}}},"4":{"name":"(anonymous_4)","decl":{"start":{"line":15,"column":4},"end":{"line":15,"column":5}},"loc":{"start":{"line":15,"column":21},"end":{"line":15,"column":null}}},"5":{"name":"(anonymous_5)","decl":{"start":{"line":18,"column":4},"end":{"line":18,"column":5}},"loc":{"start":{"line":18,"column":21},"end":{"line":18,"column":null}}},"6":{"name":"(anonymous_6)","decl":{"start":{"line":21,"column":4},"end":{"line":21,"column":5}},"loc":{"start":{"line":21,"column":21},"end":{"line":21,"column":null}}},"7":{"name":"(anonymous_7)","decl":{"start":{"line":24,"column":32},"end":{"line":24,"column":33}},"loc":{"start":{"line":24,"column":49},"end":{"line":24,"column":59}}},"8":{"name":"(anonymous_8)","decl":{"start":{"line":25,"column":31},"end":{"line":25,"column":32}},"loc":{"start":{"line":25,"column":48},"end":{"line":25,"column":58}}},"9":{"name":"(anonymous_9)","decl":{"start":{"line":27,"column":4},"end":{"line":27,"column":5}},"loc":{"start":{"line":27,"column":21},"end":{"line":27,"column":31}}}},"branchMap":{"0":{"loc":{"start":{"line":15,"column":26},"end":{"line":15,"column":56}},"type":"binary-expr","locations":[{"start":{"line":15,"column":26},"end":{"line":15,"column":50}},{"start":{"line":15,"column":54},"end":{"line":15,"column":56}}]},"1":{"loc":{"start":{"line":15,"column":26},"end":{"line":15,"column":50}},"type":"cond-expr","locations":[{"start":{"line":15,"column":42},"end":{"line":15,"column":44}},{"start":{"line":15,"column":42},"end":{"line":15,"column":50}}]},"2":{"loc":{"start":{"line":15,"column":26},"end":{"line":15,"column":44}},"type":"binary-expr","locations":[{"start":{"line":15,"column":26},"end":{"line":15,"column":44}},{"start":{"line":15,"column":42},"end":{"line":15,"column":44}}]},"3":{"loc":{"start":{"line":18,"column":26},"end":{"line":18,"column":54}},"type":"binary-expr","locations":[{"start":{"line":18,"column":26},"end":{"line":18,"column":49}},{"start":{"line":18,"column":53},"end":{"line":18,"column":54}}]},"4":{"loc":{"start":{"line":18,"column":26},"end":{"line":18,"column":49}},"type":"cond-expr","locations":[{"start":{"line":18,"column":42},"end":{"line":18,"column":44}},{"start":{"line":18,"column":42},"end":{"line":18,"column":49}}]},"5":{"loc":{"start":{"line":18,"column":26},"end":{"line":18,"column":44}},"type":"binary-expr","locations":[{"start":{"line":18,"column":26},"end":{"line":18,"column":44}},{"start":{"line":18,"column":42},"end":{"line":18,"column":44}}]},"6":{"loc":{"start":{"line":21,"column":26},"end":{"line":21,"column":59}},"type":"binary-expr","locations":[{"start":{"line":21,"column":26},"end":{"line":21,"column":54}},{"start":{"line":21,"column":58},"end":{"line":21,"column":59}}]},"7":{"loc":{"start":{"line":21,"column":26},"end":{"line":21,"column":54}},"type":"cond-expr","locations":[{"start":{"line":21,"column":42},"end":{"line":21,"column":44}},{"start":{"line":21,"column":42},"end":{"line":21,"column":54}}]},"8":{"loc":{"start":{"line":21,"column":26},"end":{"line":21,"column":44}},"type":"binary-expr","locations":[{"start":{"line":21,"column":26},"end":{"line":21,"column":44}},{"start":{"line":21,"column":42},"end":{"line":21,"column":44}}]},"9":{"loc":{"start":{"line":30,"column":20},"end":{"line":30,"column":54}},"type":"binary-expr","locations":[{"start":{"line":30,"column":20},"end":{"line":30,"column":39}},{"start":{"line":30,"column":43},"end":{"line":30,"column":54}}]},"10":{"loc":{"start":{"line":32,"column":17},"end":{"line":32,"column":49}},"type":"cond-expr","locations":[{"start":{"line":32,"column":29},"end":{"line":32,"column":37}},{"start":{"line":32,"column":40},"end":{"line":32,"column":49}}]},"11":{"loc":{"start":{"line":34,"column":11},"end":{"line":34,"column":41}},"type":"cond-expr","locations":[{"start":{"line":34,"column":23},"end":{"line":34,"column":30}},{"start":{"line":34,"column":33},"end":{"line":34,"column":41}}]},"12":{"loc":{"start":{"line":35,"column":16},"end":{"line":35,"column":56}},"type":"cond-expr","locations":[{"start":{"line":35,"column":28},"end":{"line":35,"column":40}},{"start":{"line":35,"column":43},"end":{"line":35,"column":56}}]}},"s":{"0":0,"1":0,"2":0,"3":0,"4":0,"5":0,"6":0,"7":0,"8":0,"9":0,"10":0,"11":0,"12":0,"13":0,"14":0,"15":0,"16":0,"17":0,"18":0,"19":0,"20":0,"21":0,"22":0,"23":0,"24":0,"25":0},"f":{"0":0,"1":0,"2":0,"3":0,"4":0,"5":0,"6":0,"7":0,"8":0,"9":0},"b":{"0":[0,0],"1":[0,0],"2":[0,0],"3":[0,0],"4":[0,0],"5":[0,0],"6":[0,0],"7":[0,0],"8":[0,0],"9":[0,0],"10":[0,0],"11":[0,0],"12":[0,0]}}
,"C:\\Users\\Andrey\\IdeaProjects\\stellar-burgers1\\src\\components\\feed-info\\index.ts": {"path":"C:\\Users\\Andrey\\IdeaProjects\\stellar-burgers1\\src\\components\\feed-info\\index.ts","statementMap":{"0":{"start":{"line":1,"column":0},"end":{"line":1,"column":9}},"1":{"start":{"line":1,"column":9},"end":{"line":1,"column":39}}},"fnMap":{"0":{"name":"(anonymous_0)","decl":{"start":{"line":1,"column":9},"end":{"line":1,"column":17}},"loc":{"start":{"line":1,"column":9},"end":{"line":1,"column":39}}}},"branchMap":{},"s":{"0":0,"1":0},"f":{"0":0},"b":{}}
,"C:\\Users\\Andrey\\IdeaProjects\\stellar-burgers1\\src\\components\\ingredient-details\\index.ts": {"path":"C:\\Users\\Andrey\\IdeaProjects\\stellar-burgers1\\src\\components\\ingredient-details\\index.ts","statementMap":{"0":{"start":{"line":1,"column":0},"end":{"line":1,"column":9}},"1":{"start":{"line":1,"column":9},"end":{"line":1,"column":57}}},"fnMap":{"0":{"name":"(anonymous_0)","decl":{"start":{"line":1,"column":9},"end":{"line":1,"column":26}},"loc":{"start":{"line":1,"column":9},"end":{"line":1,"column":57}}}},"branchMap":{},"s":{"0":0,"1":0},"f":{"0":0},"b":{}}
,"C:\\Users\\Andrey\\IdeaProjects\\stellar-burgers1\\src\\components\\ingredient-details\\ingredient-details.tsx": {"path":"C:\\Users\\Andrey\\IdeaProjects\\stellar-burgers1\\src\\components\\ingredient-details\\ingredient-details.tsx","statementMap":{"0":{"start":{"line":2,"column":0},"end":{"line":2,"column":45}},"1":{"start":{"line":3,"column":0},"end":{"line":3,"column":51}},"2":{"start":{"line":5,"column":0},"end":{"line":5,"column":44}},"3":{"start":{"line":6,"column":0},"end":{"line":6,"column":63}},"4":{"start":{"line":8,"column":37},"end":{"line":26,"column":1}},"5":{"start":{"line":9,"column":17},"end":{"line":9,"column":29}},"6":{"start":{"line":10,"column":22},"end":{"line":11,"column":null}},"7":{"start":{"line":11,"column":26},"end":{"line":11,"column":null}},"8":{"start":{"line":13,"column":18},"end":{"line":13,"column":78}},"9":{"start":{"line":13,"column":52},"end":{"line":13,"column":78}},"10":{"start":{"line":15,"column":25},"end":{"line":15,"column":68}},"11":{"start":{"line":15,"column":52},"end":{"line":15,"column":68}},"12":{"start":{"line":17,"column":2},"end":{"line":19,"column":3}},"13":{"start":{"line":18,"column":4},"end":{"line":18,"column":25}},"14":{"start":{"line":21,"column":2},"end":{"line":23,"column":3}},"15":{"start":{"line":22,"column":4},"end":{"line":22,"column":43}},"16":{"start":{"line":25,"column":2},"end":{"line":25,"column":65}},"17":{"start":{"line":8,"column":13},"end":{"line":8,"column":37}}},"fnMap":{"0":{"name":"(anonymous_0)","decl":{"start":{"line":8,"column":37},"end":{"line":8,"column":null}},"loc":{"start":{"line":8,"column":37},"end":{"line":26,"column":1}}},"1":{"name":"(anonymous_1)","decl":{"start":{"line":11,"column":4},"end":{"line":11,"column":5}},"loc":{"start":{"line":11,"column":21},"end":{"line":11,"column":31}}},"2":{"name":"(anonymous_2)","decl":{"start":{"line":13,"column":30},"end":{"line":13,"column":31}},"loc":{"start":{"line":13,"column":47},"end":{"line":13,"column":57}}},"3":{"name":"(anonymous_3)","decl":{"start":{"line":15,"column":42},"end":{"line":15,"column":43}},"loc":{"start":{"line":15,"column":47},"end":{"line":15,"column":56}}}},"branchMap":{"0":{"loc":{"start":{"line":17,"column":2},"end":{"line":19,"column":3}},"type":"if","locations":[{"start":{"line":17,"column":2},"end":{"line":19,"column":3}}]},"1":{"loc":{"start":{"line":21,"column":2},"end":{"line":23,"column":3}},"type":"if","locations":[{"start":{"line":21,"column":2},"end":{"line":23,"column":3}}]}},"s":{"0":0,"1":0,"2":0,"3":0,"4":0,"5":0,"6":0,"7":0,"8":0,"9":0,"10":0,"11":0,"12":0,"13":0,"14":0,"15":0,"16":0,"17":0},"f":{"0":0,"1":0,"2":0,"3":0},"b":{"0":[0],"1":[0]}}
,"C:\\Users\\Andrey\\IdeaProjects\\stellar-burgers1\\src\\components\\ingredients-category\\index.ts": {"path":"C:\\Users\\Andrey\\IdeaProjects\\stellar-burgers1\\src\\components\\ingredients-category\\index.ts","statementMap":{"0":{"start":{"line":1,"column":0},"end":{"line":1,"column":9}},"1":{"start":{"line":1,"column":9},"end":{"line":1,"column":61}}},"fnMap":{"0":{"name":"(anonymous_0)","decl":{"start":{"line":1,"column":9},"end":{"line":1,"column":28}},"loc":{"start":{"line":1,"column":9},"end":{"line":1,"column":61}}}},"branchMap":{},"s":{"0":0,"1":0},"f":{"0":0},"b":{}}
,"C:\\Users\\Andrey\\IdeaProjects\\stellar-burgers1\\src\\components\\ingredients-category\\ingredients-category.tsx": {"path":"C:\\Users\\Andrey\\IdeaProjects\\stellar-burgers1\\src\\components\\ingredients-category\\ingredients-category.tsx","statementMap":{"0":{"start":{"line":1,"column":0},"end":{"line":1,"column":44}},"1":{"start":{"line":2,"column":0},"end":{"line":2,"column":51}},"2":{"start":{"line":6,"column":0},"end":{"line":6,"column":67}},"3":{"start":{"line":8,"column":18},"end":{"line":8,"column":45}},"4":{"start":{"line":8,"column":40},"end":{"line":8,"column":68}},"5":{"start":{"line":9,"column":26},"end":{"line":10,"column":7}},"6":{"start":{"line":10,"column":2},"end":{"line":10,"column":38}},"7":{"start":{"line":12,"column":13},"end":{"line":41,"column":3}},"8":{"start":{"line":15,"column":10},"end":{"line":15,"column":12}},"9":{"start":{"line":15,"column":20},"end":{"line":15,"column":22}},"10":{"start":{"line":15,"column":33},"end":{"line":15,"column":35}},"11":{"start":{"line":15,"column":53},"end":{"line":15,"column":55}},"12":{"start":{"line":16,"column":14},"end":{"line":16,"column":36}},"13":{"start":{"line":17,"column":33},"end":{"line":17,"column":63}},"14":{"start":{"line":19,"column":30},"end":{"line":29,"column":35}},"15":{"start":{"line":20,"column":48},"end":{"line":20,"column":50}},"16":{"start":{"line":22,"column":4},"end":{"line":25,"column":7}},"17":{"start":{"line":23,"column":6},"end":{"line":23,"column":66}},"18":{"start":{"line":23,"column":37},"end":{"line":23,"column":66}},"19":{"start":{"line":24,"column":6},"end":{"line":24,"column":33}},"20":{"start":{"line":27,"column":4},"end":{"line":27,"column":35}},"21":{"start":{"line":27,"column":13},"end":{"line":27,"column":35}},"22":{"start":{"line":28,"column":4},"end":{"line":28,"column":20}},"23":{"start":{"line":31,"column":2},"end":{"line":40,"column":4}}},"fnMap":{"0":{"name":"(anonymous_0)","decl":{"start":{"line":8,"column":18},"end":{"line":8,"column":19}},"loc":{"start":{"line":8,"column":35},"end":{"line":8,"column":45}}},"1":{"name":"(anonymous_1)","decl":{"start":{"line":9,"column":26},"end":{"line":9,"column":27}},"loc":{"start":{"line":9,"column":43},"end":{"line":10,"column":7}}},"2":{"name":"(anonymous_2)","decl":{"start":{"line":15,"column":2},"end":{"line":15,"column":3}},"loc":{"start":{"line":15,"column":60},"end":{"line":41,"column":1}}},"3":{"name":"(anonymous_3)","decl":{"start":{"line":19,"column":38},"end":{"line":19,"column":null}},"loc":{"start":{"line":19,"column":38},"end":{"line":29,"column":3}}},"4":{"name":"(anonymous_4)","decl":{"start":{"line":22,"column":35},"end":{"line":22,"column":36}},"loc":{"start":{"line":22,"column":59},"end":{"line":25,"column":5}}}},"branchMap":{"0":{"loc":{"start":{"line":23,"column":6},"end":{"line":23,"column":66}},"type":"if","locations":[{"start":{"line":23,"column":6},"end":{"line":23,"column":66}}]},"1":{"loc":{"start":{"line":27,"column":4},"end":{"line":27,"column":35}},"type":"if","locations":[{"start":{"line":27,"column":4},"end":{"line":27,"column":35}}]}},"s":{"0":0,"1":0,"2":0,"3":0,"4":0,"5":0,"6":0,"7":0,"8":0,"9":0,"10":0,"11":0,"12":0,"13":0,"14":0,"15":0,"16":0,"17":0,"18":0,"19":0,"20":0,"21":0,"22":0,"23":0},"f":{"0":0,"1":0,"2":0,"3":0,"4":0},"b":{"0":[0],"1":[0]}}
,"C:\\Users\\Andrey\\IdeaProjects\\stellar-burgers1\\src\\components\\modal\\index.ts": {"path":"C:\\Users\\Andrey\\IdeaProjects\\stellar-burgers1\\src\\components\\modal\\index.ts","statementMap":{"0":{"start":{"line":1,"column":0},"end":{"line":1,"column":9}},"1":{"start":{"line":1,"column":9},"end":{"line":1,"column":32}}},"fnMap":{"0":{"name":"(anonymous_0)","decl":{"start":{"line":1,"column":9},"end":{"line":1,"column":14}},"loc":{"start":{"line":1,"column":9},"end":{"line":1,"column":32}}}},"branchMap":{},"s":{"0":0,"1":0},"f":{"0":0},"b":{}}
,"C:\\Users\\Andrey\\IdeaProjects\\stellar-burgers1\\src\\components\\modal\\modal.tsx": {"path":"C:\\Users\\Andrey\\IdeaProjects\\stellar-burgers1\\src\\components\\modal\\modal.tsx","statementMap":{"0":{"start":{"line":1,"column":0},"end":{"line":1,"column":44}},"1":{"start":{"line":2,"column":0},"end":{"line":2,"column":33}},"2":{"start":{"line":5,"column":0},"end":{"line":5,"column":30}},"3":{"start":{"line":7,"column":18},"end":{"line":7,"column":51}},"4":{"start":{"line":9,"column":13},"end":{"line":27,"column":3}},"5":{"start":{"line":9,"column":51},"end":{"line":9,"column":53}},"6":{"start":{"line":9,"column":60},"end":{"line":9,"column":62}},"7":{"start":{"line":9,"column":70},"end":{"line":9,"column":72}},"8":{"start":{"line":10,"column":2},"end":{"line":19,"column":16}},"9":{"start":{"line":11,"column":22},"end":{"line":13,"column":5}},"10":{"start":{"line":12,"column":6},"end":{"line":12,"column":38}},"11":{"start":{"line":15,"column":4},"end":{"line":15,"column":52}},"12":{"start":{"line":16,"column":4},"end":{"line":18,"column":6}},"13":{"start":{"line":17,"column":6},"end":{"line":17,"column":57}},"14":{"start":{"line":21,"column":2},"end":{"line":26,"column":4}}},"fnMap":{"0":{"name":"(anonymous_1)","decl":{"start":{"line":9,"column":43},"end":{"line":9,"column":44}},"loc":{"start":{"line":9,"column":72},"end":{"line":27,"column":1}}},"1":{"name":"(anonymous_2)","decl":{"start":{"line":10,"column":12},"end":{"line":10,"column":null}},"loc":{"start":{"line":10,"column":12},"end":{"line":19,"column":3}}},"2":{"name":"(anonymous_3)","decl":{"start":{"line":11,"column":22},"end":{"line":11,"column":23}},"loc":{"start":{"line":11,"column":39},"end":{"line":13,"column":5}}},"3":{"name":"(anonymous_4)","decl":{"start":{"line":16,"column":11},"end":{"line":16,"column":null}},"loc":{"start":{"line":16,"column":11},"end":{"line":18,"column":5}}}},"branchMap":{"0":{"loc":{"start":{"line":12,"column":6},"end":{"line":12,"column":37}},"type":"binary-expr","locations":[{"start":{"line":12,"column":6},"end":{"line":12,"column":24}},{"start":{"line":12,"column":28},"end":{"line":12,"column":37}}]}},"s":{"0":0,"1":0,"2":0,"3":0,"4":0,"5":0,"6":0,"7":0,"8":0,"9":0,"10":0,"11":0,"12":0,"13":0,"14":0},"f":{"0":0,"1":0,"2":0,"3":0},"b":{"0":[0,0]}}
,"C:\\Users\\Andrey\\IdeaProjects\\stellar-burgers1\\src\\components\\order-card\\index.ts": {"path":"C:\\Users\\Andrey\\IdeaProjects\\stellar-burgers1\\src\\components\\order-card\\index.ts","statementMap":{"0":{"start":{"line":1,"column":0},"end":{"line":1,"column":9}},"1":{"start":{"line":1,"column":9},"end":{"line":1,"column":41}}},"fnMap":{"0":{"name":"(anonymous_0)","decl":{"start":{"line":1,"column":9},"end":{"line":1,"column":18}},"loc":{"start":{"line":1,"column":9},"end":{"line":1,"column":41}}}},"branchMap":{},"s":{"0":0,"1":0},"f":{"0":0},"b":{}}
,"C:\\Users\\Andrey\\IdeaProjects\\stellar-burgers1\\src\\components\\order-card\\order-card.tsx": {"path":"C:\\Users\\Andrey\\IdeaProjects\\stellar-burgers1\\src\\components\\order-card\\order-card.tsx","statementMap":{"0":{"start":{"line":1,"column":0},"end":{"line":1,"column":42}},"1":{"start":{"line":2,"column":0},"end":{"line":2,"column":47}},"2":{"start":{"line":3,"column":0},"end":{"line":3,"column":51}},"3":{"start":{"line":7,"column":0},"end":{"line":7,"column":47}},"4":{"start":{"line":9,"column":23},"end":{"line":9,"column":24}},"5":{"start":{"line":11,"column":13},"end":{"line":59,"column":3}},"6":{"start":{"line":11,"column":58},"end":{"line":11,"column":60}},"7":{"start":{"line":12,"column":19},"end":{"line":12,"column":32}},"8":{"start":{"line":14,"column":22},"end":{"line":15,"column":null}},"9":{"start":{"line":15,"column":26},"end":{"line":15,"column":null}},"10":{"start":{"line":18,"column":20},"end":{"line":48,"column":26}},"11":{"start":{"line":19,"column":4},"end":{"line":19,"column":41}},"12":{"start":{"line":19,"column":29},"end":{"line":19,"column":41}},"13":{"start":{"line":21,"column":28},"end":{"line":27,"column":null}},"14":{"start":{"line":23,"column":27},"end":{"line":23,"column":70}},"15":{"start":{"line":23,"column":53},"end":{"line":23,"column":70}},"16":{"start":{"line":24,"column":8},"end":{"line":24,"column":52}},"17":{"start":{"line":24,"column":24},"end":{"line":24,"column":52}},"18":{"start":{"line":25,"column":8},"end":{"line":25,"column":19}},"19":{"start":{"line":30,"column":18},"end":{"line":30,"column":76}},"20":{"start":{"line":30,"column":56},"end":{"line":30,"column":74}},"21":{"start":{"line":32,"column":30},"end":{"line":32,"column":70}},"22":{"start":{"line":35,"column":6},"end":{"line":37,"column":11}},"23":{"start":{"line":39,"column":17},"end":{"line":39,"column":42}},"24":{"start":{"line":40,"column":4},"end":{"line":46,"column":null}},"25":{"start":{"line":50,"column":2},"end":{"line":50,"column":30}},"26":{"start":{"line":50,"column":18},"end":{"line":50,"column":30}},"27":{"start":{"line":52,"column":2},"end":{"line":58,"column":4}}},"fnMap":{"0":{"name":"(anonymous_3)","decl":{"start":{"line":11,"column":50},"end":{"line":11,"column":51}},"loc":{"start":{"line":11,"column":60},"end":{"line":59,"column":1}}},"1":{"name":"(anonymous_4)","decl":{"start":{"line":15,"column":4},"end":{"line":15,"column":5}},"loc":{"start":{"line":15,"column":21},"end":{"line":15,"column":31}}},"2":{"name":"(anonymous_5)","decl":{"start":{"line":18,"column":28},"end":{"line":18,"column":null}},"loc":{"start":{"line":18,"column":28},"end":{"line":48,"column":3}}},"3":{"name":"(anonymous_6)","decl":{"start":{"line":22,"column":6},"end":{"line":22,"column":7}},"loc":{"start":{"line":22,"column":39},"end":{"line":26,"column":7}}},"4":{"name":"(anonymous_7)","decl":{"start":{"line":23,"column":44},"end":{"line":23,"column":45}},"loc":{"start":{"line":23,"column":48},"end":{"line":23,"column":56}}},"5":{"name":"(anonymous_8)","decl":{"start":{"line":30,"column":41},"end":{"line":30,"column":42}},"loc":{"start":{"line":30,"column":51},"end":{"line":30,"column":59}}}},"branchMap":{"0":{"loc":{"start":{"line":19,"column":4},"end":{"line":19,"column":41}},"type":"if","locations":[{"start":{"line":19,"column":4},"end":{"line":19,"column":41}}]},"1":{"loc":{"start":{"line":24,"column":8},"end":{"line":24,"column":52}},"type":"if","locations":[{"start":{"line":24,"column":8},"end":{"line":24,"column":52}}]},"2":{"loc":{"start":{"line":35,"column":6},"end":{"line":37,"column":11}},"type":"cond-expr","locations":[{"start":{"line":36,"column":10},"end":{"line":36,"column":49}},{"start":{"line":37,"column":10},"end":{"line":37,"column":11}}]},"3":{"loc":{"start":{"line":50,"column":2},"end":{"line":50,"column":30}},"type":"if","locations":[{"start":{"line":50,"column":2},"end":{"line":50,"column":30}}]}},"s":{"0":0,"1":0,"2":0,"3":0,"4":0,"5":0,"6":0,"7":0,"8":0,"9":0,"10":0,"11":0,"12":0,"13":0,"14":0,"15":0,"16":0,"17":0,"18":0,"19":0,"20":0,"21":0,"22":0,"23":0,"24":0,"25":0,"26":0,"27":0},"f":{"0":0,"1":0,"2":0,"3":0,"4":0,"5":0},"b":{"0":[0],"1":[0],"2":[0,0],"3":[0]}}
,"C:\\Users\\Andrey\\IdeaProjects\\stellar-burgers1\\src\\components\\order-info\\index.ts": {"path":"C:\\Users\\Andrey\\IdeaProjects\\stellar-burgers1\\src\\components\\order-info\\index.ts","statementMap":{"0":{"start":{"line":1,"column":0},"end":{"line":1,"column":9}},"1":{"start":{"line":1,"column":9},"end":{"line":1,"column":41}}},"fnMap":{"0":{"name":"(anonymous_0)","decl":{"start":{"line":1,"column":9},"end":{"line":1,"column":18}},"loc":{"start":{"line":1,"column":9},"end":{"line":1,"column":41}}}},"branchMap":{},"s":{"0":0,"1":0},"f":{"0":0},"b":{}}
,"C:\\Users\\Andrey\\IdeaProjects\\stellar-burgers1\\src\\components\\order-info\\order-info.tsx": {"path":"C:\\Users\\Andrey\\IdeaProjects\\stellar-burgers1\\src\\components\\order-info\\order-info.tsx","statementMap":{"0":{"start":{"line":1,"column":0},"end":{"line":1,"column":57}},"1":{"start":{"line":2,"column":0},"end":{"line":2,"column":45}},"2":{"start":{"line":3,"column":0},"end":{"line":3,"column":64}},"3":{"start":{"line":5,"column":0},"end":{"line":5,"column":44}},"4":{"start":{"line":6,"column":0},"end":{"line":6,"column":47}},"5":{"start":{"line":8,"column":0},"end":{"line":8,"column":61}},"6":{"start":{"line":14,"column":29},"end":{"line":91,"column":1}},"7":{"start":{"line":15,"column":21},"end":{"line":15,"column":33}},"8":{"start":{"line":16,"column":19},"end":{"line":16,"column":32}},"9":{"start":{"line":17,"column":32},"end":{"line":17,"column":46}},"10":{"start":{"line":17,"column":16},"end":{"line":17,"column":18}},"11":{"start":{"line":17,"column":28},"end":{"line":17,"column":32}},"12":{"start":{"line":18,"column":36},"end":{"line":18,"column":65}},"13":{"start":{"line":18,"column":18},"end":{"line":18,"column":20}},"14":{"start":{"line":18,"column":32},"end":{"line":18,"column":36}},"15":{"start":{"line":20,"column":22},"end":{"line":21,"column":null}},"16":{"start":{"line":21,"column":26},"end":{"line":21,"column":null}},"17":{"start":{"line":24,"column":20},"end":{"line":25,"column":null}},"18":{"start":{"line":25,"column":4},"end":{"line":25,"column":null}},"19":{"start":{"line":25,"column":34},"end":{"line":25,"column":62}},"20":{"start":{"line":28,"column":23},"end":{"line":29,"column":null}},"21":{"start":{"line":29,"column":4},"end":{"line":29,"column":null}},"22":{"start":{"line":29,"column":43},"end":{"line":29,"column":71}},"23":{"start":{"line":32,"column":2},"end":{"line":52,"column":40}},"24":{"start":{"line":33,"column":22},"end":{"line":49,"column":6}},"25":{"start":{"line":34,"column":12},"end":{"line":34,"column":54}},"26":{"start":{"line":36,"column":10},"end":{"line":36,"column":23}},"27":{"start":{"line":37,"column":8},"end":{"line":37,"column":36}},"28":{"start":{"line":38,"column":8},"end":{"line":38,"column":26}},"29":{"start":{"line":41,"column":23},"end":{"line":41,"column":null}},"30":{"start":{"line":41,"column":16},"end":{"line":41,"column":null}},"31":{"start":{"line":42,"column":10},"end":{"line":42,"column":39}},"32":{"start":{"line":44,"column":10},"end":{"line":44,"column":57}},"33":{"start":{"line":46,"column":10},"end":{"line":46,"column":28}},"34":{"start":{"line":51,"column":4},"end":{"line":51,"column":16}},"35":{"start":{"line":54,"column":20},"end":{"line":84,"column":30}},"36":{"start":{"line":55,"column":4},"end":{"line":55,"column":55}},"37":{"start":{"line":55,"column":43},"end":{"line":55,"column":55}},"38":{"start":{"line":57,"column":17},"end":{"line":57,"column":46}},"39":{"start":{"line":59,"column":51},"end":{"line":59,"column":53}},"40":{"start":{"line":60,"column":16},"end":{"line":60,"column":17}},"41":{"start":{"line":62,"column":4},"end":{"line":76,"column":7}},"42":{"start":{"line":63,"column":6},"end":{"line":75,"column":7}},"43":{"start":{"line":64,"column":27},"end":{"line":64,"column":70}},"44":{"start":{"line":64,"column":53},"end":{"line":64,"column":70}},"45":{"start":{"line":65,"column":8},"end":{"line":71,"column":9}},"46":{"start":{"line":66,"column":10},"end":{"line":69,"column":12}},"47":{"start":{"line":70,"column":10},"end":{"line":70,"column":36}},"48":{"start":{"line":73,"column":8},"end":{"line":73,"column":38}},"49":{"start":{"line":74,"column":8},"end":{"line":74,"column":45}},"50":{"start":{"line":78,"column":4},"end":{"line":82,"column":null}},"51":{"start":{"line":86,"column":2},"end":{"line":88,"column":3}},"52":{"start":{"line":87,"column":4},"end":{"line":87,"column":25}},"53":{"start":{"line":90,"column":2},"end":{"line":90,"column":47}},"54":{"start":{"line":14,"column":13},"end":{"line":14,"column":29}}},"fnMap":{"0":{"name":"(anonymous_15)","decl":{"start":{"line":14,"column":29},"end":{"line":14,"column":null}},"loc":{"start":{"line":14,"column":29},"end":{"line":91,"column":1}}},"1":{"name":"(anonymous_16)","decl":{"start":{"line":21,"column":4},"end":{"line":21,"column":5}},"loc":{"start":{"line":21,"column":21},"end":{"line":21,"column":31}}},"2":{"name":"(anonymous_17)","decl":{"start":{"line":24,"column":32},"end":{"line":24,"column":33}},"loc":{"start":{"line":24,"column":49},"end":{"line":25,"column":9}}},"3":{"name":"(anonymous_18)","decl":{"start":{"line":25,"column":27},"end":{"line":25,"column":28}},"loc":{"start":{"line":25,"column":29},"end":{"line":25,"column":35}}},"4":{"name":"(anonymous_19)","decl":{"start":{"line":28,"column":35},"end":{"line":28,"column":36}},"loc":{"start":{"line":28,"column":52},"end":{"line":29,"column":9}}},"5":{"name":"(anonymous_20)","decl":{"start":{"line":29,"column":36},"end":{"line":29,"column":37}},"loc":{"start":{"line":29,"column":38},"end":{"line":29,"column":44}}},"6":{"name":"(anonymous_21)","decl":{"start":{"line":32,"column":12},"end":{"line":32,"column":null}},"loc":{"start":{"line":32,"column":12},"end":{"line":52,"column":3}}},"7":{"name":"(anonymous_22)","decl":{"start":{"line":33,"column":22},"end":{"line":33,"column":null}},"loc":{"start":{"line":33,"column":22},"end":{"line":49,"column":6}}},"8":{"name":"(anonymous_25)","decl":{"start":{"line":54,"column":28},"end":{"line":54,"column":null}},"loc":{"start":{"line":54,"column":28},"end":{"line":84,"column":3}}},"9":{"name":"(anonymous_26)","decl":{"start":{"line":62,"column":34},"end":{"line":62,"column":35}},"loc":{"start":{"line":62,"column":47},"end":{"line":76,"column":5}}},"10":{"name":"(anonymous_27)","decl":{"start":{"line":64,"column":44},"end":{"line":64,"column":45}},"loc":{"start":{"line":64,"column":48},"end":{"line":64,"column":56}}}},"branchMap":{"0":{"loc":{"start":{"line":34,"column":28},"end":{"line":34,"column":53}},"type":"binary-expr","locations":[{"start":{"line":34,"column":28},"end":{"line":34,"column":37}},{"start":{"line":34,"column":41},"end":{"line":34,"column":53}}]},"1":{"loc":{"start":{"line":36,"column":10},"end":{"line":36,"column":23}},"type":"if","locations":[{"start":{"line":36,"column":10},"end":{"line":36,"column":23}}]},"2":{"loc":{"start":{"line":55,"column":4},"end":{"line":55,"column":55}},"type":"if","locations":[{"start":{"line":55,"column":4},"end":{"line":55,"column":55}}]},"3":{"loc":{"start":{"line":55,"column":8},"end":{"line":55,"column":41}},"type":"binary-expr","locations":[{"start":{"line":55,"column":8},"end":{"line":55,"column":18}},{"start":{"line":55,"column":22},"end":{"line":55,"column":41}}]},"4":{"loc":{"start":{"line":63,"column":6},"end":{"line":75,"column":7}},"type":"if","locations":[{"start":{"line":63,"column":6},"end":{"line":75,"column":7}},{"start":{"line":72,"column":13},"end":{"line":75,"column":7}}]},"5":{"loc":{"start":{"line":65,"column":8},"end":{"line":71,"column":9}},"type":"if","locations":[{"start":{"line":65,"column":8},"end":{"line":71,"column":9}}]},"6":{"loc":{"start":{"line":86,"column":2},"end":{"line":88,"column":3}},"type":"if","locations":[{"start":{"line":86,"column":2},"end":{"line":88,"column":3}}]},"7":{"loc":{"start":{"line":86,"column":6},"end":{"line":86,"column":27}},"type":"binary-expr","locations":[{"start":{"line":86,"column":6},"end":{"line":86,"column":13}},{"start":{"line":86,"column":17},"end":{"line":86,"column":27}}]}},"s":{"0":0,"1":0,"2":0,"3":0,"4":0,"5":0,"6":0,"7":0,"8":0,"9":0,"10":0,"11":0,"12":0,"13":0,"14":0,"15":0,"16":0,"17":0,"18":0,"19":0,"20":0,"21":0,"22":0,"23":0,"24":0,"25":0,"26":0,"27":0,"28":0,"29":0,"30":0,"31":0,"32":0,"33":0,"34":0,"35":0,"36":0,"37":0,"38":0,"39":0,"40":0,"41":0,"42":0,"43":0,"44":0,"45":0,"46":0,"47":0,"48":0,"49":0,"50":0,"51":0,"52":0,"53":0,"54":0},"f":{"0":0,"1":0,"2":0,"3":0,"4":0,"5":0,"6":0,"7":0,"8":0,"9":0,"10":0},"b":{"0":[0,0],"1":[0],"2":[0],"3":[0,0],"4":[0,0],"5":[0],"6":[0],"7":[0,0]}}
,"C:\\Users\\Andrey\\IdeaProjects\\stellar-burgers1\\src\\components\\order-status\\index.ts": {"path":"C:\\Users\\Andrey\\IdeaProjects\\stellar-burgers1\\src\\components\\order-status\\index.ts","statementMap":{"0":{"start":{"line":1,"column":0},"end":{"line":1,"column":9}},"1":{"start":{"line":1,"column":9},"end":{"line":1,"column":45}}},"fnMap":{"0":{"name":"(anonymous_0)","decl":{"start":{"line":1,"column":9},"end":{"line":1,"column":20}},"loc":{"start":{"line":1,"column":9},"end":{"line":1,"column":45}}}},"branchMap":{},"s":{"0":0,"1":0},"f":{"0":0},"b":{}}
,"C:\\Users\\Andrey\\IdeaProjects\\stellar-burgers1\\src\\components\\order-status\\order-status.tsx": {"path":"C:\\Users\\Andrey\\IdeaProjects\\stellar-burgers1\\src\\components\\order-status\\order-status.tsx","statementMap":{"0":{"start":{"line":3,"column":0},"end":{"line":3,"column":36}},"1":{"start":{"line":5,"column":46},"end":{"line":9,"column":2}},"2":{"start":{"line":11,"column":49},"end":{"line":25,"column":1}},"3":{"start":{"line":11,"column":58},"end":{"line":11,"column":60}},"4":{"start":{"line":12,"column":18},"end":{"line":12,"column":20}},"5":{"start":{"line":13,"column":2},"end":{"line":22,"column":3}},"6":{"start":{"line":15,"column":6},"end":{"line":15,"column":28}},"7":{"start":{"line":16,"column":6},"end":{"line":16,"column":12}},"8":{"start":{"line":18,"column":6},"end":{"line":18,"column":28}},"9":{"start":{"line":19,"column":6},"end":{"line":19,"column":12}},"10":{"start":{"line":21,"column":6},"end":{"line":21,"column":28}},"11":{"start":{"line":24,"column":2},"end":{"line":24,"column":78}},"12":{"start":{"line":11,"column":13},"end":{"line":11,"column":49}}},"fnMap":{"0":{"name":"(anonymous_0)","decl":{"start":{"line":11,"column":49},"end":{"line":11,"column":50}},"loc":{"start":{"line":11,"column":60},"end":{"line":25,"column":1}}}},"branchMap":{"0":{"loc":{"start":{"line":13,"column":2},"end":{"line":22,"column":3}},"type":"switch","locations":[{"start":{"line":14,"column":4},"end":{"line":16,"column":12}},{"start":{"line":17,"column":4},"end":{"line":19,"column":12}},{"start":{"line":20,"column":4},"end":{"line":21,"column":28}}]}},"s":{"0":0,"1":0,"2":0,"3":0,"4":0,"5":0,"6":0,"7":0,"8":0,"9":0,"10":0,"11":0,"12":0},"f":{"0":0},"b":{"0":[0,0,0]}}
,"C:\\Users\\Andrey\\IdeaProjects\\stellar-burgers1\\src\\components\\orders-list\\index.ts": {"path":"C:\\Users\\Andrey\\IdeaProjects\\stellar-burgers1\\src\\components\\orders-list\\index.ts","statementMap":{"0":{"start":{"line":1,"column":0},"end":{"line":1,"column":9}},"1":{"start":{"line":1,"column":9},"end":{"line":1,"column":43}}},"fnMap":{"0":{"name":"(anonymous_0)","decl":{"start":{"line":1,"column":9},"end":{"line":1,"column":19}},"loc":{"start":{"line":1,"column":9},"end":{"line":1,"column":43}}}},"branchMap":{},"s":{"0":0,"1":0},"f":{"0":0},"b":{}}
,"C:\\Users\\Andrey\\IdeaProjects\\stellar-burgers1\\src\\components\\orders-list\\orders-list.tsx": {"path":"C:\\Users\\Andrey\\IdeaProjects\\stellar-burgers1\\src\\components\\orders-list\\orders-list.tsx","statementMap":{"0":{"start":{"line":1,"column":0},"end":{"line":1,"column":33}},"1":{"start":{"line":4,"column":0},"end":{"line":4,"column":35}},"2":{"start":{"line":6,"column":13},"end":{"line":12,"column":3}},"3":{"start":{"line":6,"column":61},"end":{"line":6,"column":63}},"4":{"start":{"line":7,"column":22},"end":{"line":8,"column":null}},"5":{"start":{"line":8,"column":14},"end":{"line":8,"column":null}},"6":{"start":{"line":11,"column":2},"end":{"line":11,"column":52}}},"fnMap":{"0":{"name":"(anonymous_1)","decl":{"start":{"line":6,"column":52},"end":{"line":6,"column":53}},"loc":{"start":{"line":6,"column":63},"end":{"line":12,"column":1}}},"1":{"name":"(anonymous_2)","decl":{"start":{"line":8,"column":4},"end":{"line":8,"column":5}},"loc":{"start":{"line":8,"column":9},"end":{"line":8,"column":18}}}},"branchMap":{},"s":{"0":0,"1":0,"2":0,"3":0,"4":0,"5":0,"6":0},"f":{"0":0,"1":0},"b":{}}
,"C:\\Users\\Andrey\\IdeaProjects\\stellar-burgers1\\src\\components\\profile-menu\\index.ts": {"path":"C:\\Users\\Andrey\\IdeaProjects\\stellar-burgers1\\src\\components\\profile-menu\\index.ts","statementMap":{"0":{"start":{"line":1,"column":0},"end":{"line":1,"column":9}},"1":{"start":{"line":1,"column":9},"end":{"line":1,"column":45}}},"fnMap":{"0":{"name":"(anonymous_0)","decl":{"start":{"line":1,"column":9},"end":{"line":1,"column":20}},"loc":{"start":{"line":1,"column":9},"end":{"line":1,"column":45}}}},"branchMap":{},"s":{"0":0,"1":0},"f":{"0":0},"b":{}}
,"C:\\Users\\Andrey\\IdeaProjects\\stellar-burgers1\\src\\components\\profile-menu\\profile-menu.tsx": {"path":"C:\\Users\\Andrey\\IdeaProjects\\stellar-burgers1\\src\\components\\profile-menu\\profile-menu.tsx","statementMap":{"0":{"start":{"line":2,"column":0},"end":{"line":2,"column":60}},"1":{"start":{"line":3,"column":0},"end":{"line":3,"column":51}},"2":{"start":{"line":4,"column":0},"end":{"line":4,"column":61}},"3":{"start":{"line":5,"column":0},"end":{"line":5,"column":36}},"4":{"start":{"line":7,"column":31},"end":{"line":19,"column":1}},"5":{"start":{"line":8,"column":23},"end":{"line":8,"column":37}},"6":{"start":{"line":9,"column":19},"end":{"line":9,"column":32}},"7":{"start":{"line":10,"column":19},"end":{"line":10,"column":32}},"8":{"start":{"line":12,"column":23},"end":{"line":16,"column":3}},"9":{"start":{"line":13,"column":4},"end":{"line":15,"column":7}},"10":{"start":{"line":14,"column":6},"end":{"line":14,"column":44}},"11":{"start":{"line":18,"column":2},"end":{"line":18,"column":75}},"12":{"start":{"line":7,"column":13},"end":{"line":7,"column":31}}},"fnMap":{"0":{"name":"(anonymous_0)","decl":{"start":{"line":7,"column":31},"end":{"line":7,"column":null}},"loc":{"start":{"line":7,"column":31},"end":{"line":19,"column":1}}},"1":{"name":"(anonymous_1)","decl":{"start":{"line":12,"column":23},"end":{"line":12,"column":null}},"loc":{"start":{"line":12,"column":23},"end":{"line":16,"column":3}}},"2":{"name":"(anonymous_2)","decl":{"start":{"line":13,"column":32},"end":{"line":13,"column":null}},"loc":{"start":{"line":13,"column":32},"end":{"line":15,"column":5}}}},"branchMap":{},"s":{"0":0,"1":0,"2":0,"3":0,"4":0,"5":0,"6":0,"7":0,"8":0,"9":0,"10":0,"11":0,"12":0},"f":{"0":0,"1":0,"2":0},"b":{}}
,"C:\\Users\\Andrey\\IdeaProjects\\stellar-burgers1\\src\\components\\protected-route\\protected-route.tsx": {"path":"C:\\Users\\Andrey\\IdeaProjects\\stellar-burgers1\\src\\components\\protected-route\\protected-route.tsx","statementMap":{"0":{"start":{"line":2,"column":0},"end":{"line":2,"column":57}},"1":{"start":{"line":3,"column":0},"end":{"line":3,"column":51}},"2":{"start":{"line":5,"column":0},"end":{"line":5,"column":32}},"3":{"start":{"line":12,"column":30},"end":{"line":35,"column":1}},"4":{"start":{"line":13,"column":10},"end":{"line":13,"column":null}},"5":{"start":{"line":14,"column":12},"end":{"line":14,"column":null}},"6":{"start":{"line":16,"column":19},"end":{"line":16,"column":32}},"7":{"start":{"line":17,"column":15},"end":{"line":17,"column":66}},"8":{"start":{"line":17,"column":49},"end":{"line":17,"column":66}},"9":{"start":{"line":18,"column":24},"end":{"line":19,"column":null}},"10":{"start":{"line":19,"column":26},"end":{"line":19,"column":null}},"11":{"start":{"line":22,"column":2},"end":{"line":24,"column":3}},"12":{"start":{"line":23,"column":4},"end":{"line":23,"column":25}},"13":{"start":{"line":26,"column":2},"end":{"line":28,"column":3}},"14":{"start":{"line":27,"column":4},"end":{"line":27,"column":39}},"15":{"start":{"line":30,"column":2},"end":{"line":32,"column":3}},"16":{"start":{"line":31,"column":4},"end":{"line":31,"column":71}},"17":{"start":{"line":34,"column":2},"end":{"line":34,"column":25}},"18":{"start":{"line":12,"column":13},"end":{"line":12,"column":30}}},"fnMap":{"0":{"name":"(anonymous_0)","decl":{"start":{"line":12,"column":30},"end":{"line":12,"column":31}},"loc":{"start":{"line":15,"column":22},"end":{"line":35,"column":1}}},"1":{"name":"(anonymous_1)","decl":{"start":{"line":17,"column":27},"end":{"line":17,"column":28}},"loc":{"start":{"line":17,"column":44},"end":{"line":17,"column":66}}},"2":{"name":"(anonymous_2)","decl":{"start":{"line":19,"column":4},"end":{"line":19,"column":5}},"loc":{"start":{"line":19,"column":21},"end":{"line":19,"column":null}}}},"branchMap":{"0":{"loc":{"start":{"line":17,"column":49},"end":{"line":17,"column":65}},"type":"cond-expr","locations":[{"start":{"line":17,"column":59},"end":{"line":17,"column":61}},{"start":{"line":17,"column":59},"end":{"line":17,"column":65}}]},"1":{"loc":{"start":{"line":17,"column":49},"end":{"line":17,"column":61}},"type":"binary-expr","locations":[{"start":{"line":17,"column":49},"end":{"line":17,"column":61}},{"start":{"line":17,"column":59},"end":{"line":17,"column":61}}]},"2":{"loc":{"start":{"line":19,"column":26},"end":{"line":19,"column":51}},"type":"cond-expr","locations":[{"start":{"line":19,"column":36},"end":{"line":19,"column":38}},{"start":{"line":19,"column":36},"end":{"line":19,"column":51}}]},"3":{"loc":{"start":{"line":19,"column":26},"end":{"line":19,"column":38}},"type":"binary-expr","locations":[{"start":{"line":19,"column":26},"end":{"line":19,"column":38}},{"start":{"line":19,"column":36},"end":{"line":19,"column":38}}]},"4":{"loc":{"start":{"line":22,"column":2},"end":{"line":24,"column":3}},"type":"if","locations":[{"start":{"line":22,"column":2},"end":{"line":24,"column":3}}]},"5":{"loc":{"start":{"line":26,"column":2},"end":{"line":28,"column":3}},"type":"if","locations":[{"start":{"line":26,"column":2},"end":{"line":28,"column":3}}]},"6":{"loc":{"start":{"line":26,"column":6},"end":{"line":26,"column":24}},"type":"binary-expr","locations":[{"start":{"line":26,"column":6},"end":{"line":26,"column":16}},{"start":{"line":26,"column":20},"end":{"line":26,"column":24}}]},"7":{"loc":{"start":{"line":30,"column":2},"end":{"line":32,"column":3}},"type":"if","locations":[{"start":{"line":30,"column":2},"end":{"line":32,"column":3}}]},"8":{"loc":{"start":{"line":30,"column":6},"end":{"line":30,"column":26}},"type":"binary-expr","locations":[{"start":{"line":30,"column":6},"end":{"line":30,"column":17}},{"start":{"line":30,"column":21},"end":{"line":30,"column":26}}]}},"s":{"0":0,"1":0,"2":0,"3":0,"4":0,"5":0,"6":0,"7":0,"8":0,"9":0,"10":0,"11":0,"12":0,"13":0,"14":0,"15":0,"16":0,"17":0,"18":0},"f":{"0":0,"1":0,"2":0},"b":{"0":[0,0],"1":[0,0],"2":[0,0],"3":[0,0],"4":[0],"5":[0],"6":[0,0],"7":[0],"8":[0,0]}}
,"C:\\Users\\Andrey\\IdeaProjects\\stellar-burgers1\\src\\components\\ui\\index.ts": {"path":"C:\\Users\\Andrey\\IdeaProjects\\stellar-burgers1\\src\\components\\ui\\index.ts","statementMap":{"0":{"start":{"line":1,"column":0},"end":{"line":1,"column":29}},"1":{"start":{"line":2,"column":0},"end":{"line":2,"column":37}},"2":{"start":{"line":3,"column":0},"end":{"line":3,"column":45}},"3":{"start":{"line":4,"column":0},"end":{"line":4,"column":36}},"4":{"start":{"line":5,"column":0},"end":{"line":5,"column":37}},"5":{"start":{"line":6,"column":0},"end":{"line":6,"column":28}},"6":{"start":{"line":7,"column":0},"end":{"line":7,"column":37}},"7":{"start":{"line":8,"column":0},"end":{"line":8,"column":39}},"8":{"start":{"line":9,"column":0},"end":{"line":9,"column":24}},"9":{"start":{"line":10,"column":0},"end":{"line":10,"column":32}},"10":{"start":{"line":11,"column":0},"end":{"line":11,"column":29}},"11":{"start":{"line":12,"column":0},"end":{"line":12,"column":32}},"12":{"start":{"line":13,"column":0},"end":{"line":13,"column":29}},"13":{"start":{"line":14,"column":0},"end":{"line":14,"column":31}},"14":{"start":{"line":15,"column":0},"end":{"line":15,"column":30}},"15":{"start":{"line":16,"column":0},"end":{"line":16,"column":28}},"16":{"start":{"line":17,"column":0},"end":{"line":17,"column":31}}},"fnMap":{},"branchMap":{},"s":{"0":0,"1":0,"2":0,"3":0,"4":0,"5":0,"6":0,"7":0,"8":0,"9":0,"10":0,"11":0,"12":0,"13":0,"14":0,"15":0,"16":0},"f":{},"b":{}}
,"C:\\Users\\Andrey\\IdeaProjects\\stellar-burgers1\\src\\components\\ui\\app-header\\app-header.tsx": {"path":"C:\\Users\\Andrey\\IdeaProjects\\stellar-burgers1\\src\\components\\ui\\app-header\\app-header.tsx","statementMap":{"0":{"start":{"line":2,"column":0},"end":{"line":2,"column":43}},"1":{"start":{"line":3,"column":0},"end":{"line":3,"column":45}},"2":{"start":{"line":5,"column":0},"end":{"line":5,"column":null}},"3":{"start":{"line":12,"column":50},"end":{"line":12,"column":null}},"4":{"start":{"line":12,"column":61},"end":{"line":12,"column":63}},"5":{"start":{"line":12,"column":68},"end":{"line":55,"column":2}},"6":{"start":{"line":18,"column":32},"end":{"line":18,"column":34}},"7":{"start":{"line":19,"column":12},"end":{"line":19,"column":null}},"8":{"start":{"line":27,"column":32},"end":{"line":27,"column":34}},"9":{"start":{"line":28,"column":12},"end":{"line":28,"column":null}},"10":{"start":{"line":43,"column":32},"end":{"line":43,"column":34}},"11":{"start":{"line":44,"column":12},"end":{"line":44,"column":null}},"12":{"start":{"line":12,"column":13},"end":{"line":12,"column":50}}},"fnMap":{"0":{"name":"(anonymous_1)","decl":{"start":{"line":12,"column":50},"end":{"line":12,"column":51}},"loc":{"start":{"line":12,"column":63},"end":{"line":12,"column":null}}},"1":{"name":"(anonymous_2)","decl":{"start":{"line":18,"column":21},"end":{"line":18,"column":22}},"loc":{"start":{"line":18,"column":34},"end":{"line":19,"column":15}}},"2":{"name":"(anonymous_3)","decl":{"start":{"line":27,"column":21},"end":{"line":27,"column":22}},"loc":{"start":{"line":27,"column":34},"end":{"line":28,"column":15}}},"3":{"name":"(anonymous_4)","decl":{"start":{"line":43,"column":21},"end":{"line":43,"column":22}},"loc":{"start":{"line":43,"column":34},"end":{"line":44,"column":15}}}},"branchMap":{"0":{"loc":{"start":{"line":19,"column":30},"end":{"line":19,"column":64}},"type":"cond-expr","locations":[{"start":{"line":19,"column":41},"end":{"line":19,"column":59}},{"start":{"line":19,"column":62},"end":{"line":19,"column":64}}]},"1":{"loc":{"start":{"line":28,"column":30},"end":{"line":28,"column":64}},"type":"cond-expr","locations":[{"start":{"line":28,"column":41},"end":{"line":28,"column":59}},{"start":{"line":28,"column":62},"end":{"line":28,"column":64}}]},"2":{"loc":{"start":{"line":44,"column":30},"end":{"line":44,"column":64}},"type":"cond-expr","locations":[{"start":{"line":44,"column":41},"end":{"line":44,"column":59}},{"start":{"line":44,"column":62},"end":{"line":44,"column":64}}]},"3":{"loc":{"start":{"line":49,"column":13},"end":{"line":49,"column":41}},"type":"binary-expr","locations":[{"start":{"line":49,"column":13},"end":{"line":49,"column":21}},{"start":{"line":49,"column":25},"end":{"line":49,"column":41}}]}},"s":{"0":0,"1":0,"2":0,"3":0,"4":0,"5":0,"6":0,"7":0,"8":0,"9":0,"10":0,"11":0,"12":0},"f":{"0":0,"1":0,"2":0,"3":0},"b":{"0":[0,0],"1":[0,0],"2":[0,0],"3":[0,0]}}
,"C:\\Users\\Andrey\\IdeaProjects\\stellar-burgers1\\src\\components\\ui\\app-header\\index.ts": {"path":"C:\\Users\\Andrey\\IdeaProjects\\stellar-burgers1\\src\\components\\ui\\app-header\\index.ts","statementMap":{"0":{"start":{"line":1,"column":0},"end":{"line":1,"column":9}},"1":{"start":{"line":1,"column":9},"end":{"line":1,"column":43}}},"fnMap":{"0":{"name":"(anonymous_0)","decl":{"start":{"line":1,"column":9},"end":{"line":1,"column":20}},"loc":{"start":{"line":1,"column":9},"end":{"line":1,"column":43}}}},"branchMap":{},"s":{"0":0,"1":0},"f":{"0":0},"b":{}}
,"C:\\Users\\Andrey\\IdeaProjects\\stellar-burgers1\\src\\components\\ui\\burger-constructor\\burger-constructor.tsx": {"path":"C:\\Users\\Andrey\\IdeaProjects\\stellar-burgers1\\src\\components\\ui\\burger-constructor\\burger-constructor.tsx","statementMap":{"0":{"start":{"line":2,"column":0},"end":{"line":2,"column":null}},"1":{"start":{"line":7,"column":0},"end":{"line":7,"column":53}},"2":{"start":{"line":10,"column":0},"end":{"line":10,"column":62}},"3":{"start":{"line":11,"column":0},"end":{"line":11,"column":48}},"4":{"start":{"line":13,"column":65},"end":{"line":20,"column":null}},"5":{"start":{"line":14,"column":18},"end":{"line":14,"column":null}},"6":{"start":{"line":15,"column":14},"end":{"line":15,"column":null}},"7":{"start":{"line":16,"column":7},"end":{"line":16,"column":null}},"8":{"start":{"line":17,"column":16},"end":{"line":17,"column":null}},"9":{"start":{"line":18,"column":14},"end":{"line":18,"column":null}},"10":{"start":{"line":19,"column":17},"end":{"line":19,"column":null}},"11":{"start":{"line":20,"column":6},"end":{"line":105,"column":2}},"12":{"start":{"line":42,"column":59},"end":{"line":49,"column":null}},"13":{"start":{"line":13,"column":13},"end":{"line":13,"column":65}}},"fnMap":{"0":{"name":"(anonymous_1)","decl":{"start":{"line":13,"column":65},"end":{"line":13,"column":66}},"loc":{"start":{"line":20,"column":1},"end":{"line":20,"column":null}}},"1":{"name":"(anonymous_2)","decl":{"start":{"line":42,"column":10},"end":{"line":42,"column":11}},"loc":{"start":{"line":42,"column":54},"end":{"line":42,"column":null}}}},"branchMap":{"0":{"loc":{"start":{"line":22,"column":5},"end":{"line":37,"column":null}},"type":"cond-expr","locations":[{"start":{"line":23,"column":6},"end":{"line":30,"column":null}},{"start":{"line":33,"column":6},"end":{"line":34,"column":null}}]},"1":{"loc":{"start":{"line":40,"column":7},"end":{"line":56,"column":null}},"type":"cond-expr","locations":[{"start":{"line":41,"column":8},"end":{"line":49,"column":null}},{"start":{"line":52,"column":8},"end":{"line":53,"column":null}}]},"2":{"loc":{"start":{"line":59,"column":5},"end":{"line":74,"column":null}},"type":"cond-expr","locations":[{"start":{"line":60,"column":6},"end":{"line":67,"column":null}},{"start":{"line":70,"column":6},"end":{"line":71,"column":null}}]},"3":{"loc":{"start":{"line":90,"column":5},"end":{"line":93,"column":null}},"type":"binary-expr","locations":[{"start":{"line":90,"column":5},"end":{"line":90,"column":17}},{"start":{"line":91,"column":6},"end":{"line":92,"column":null}}]},"4":{"loc":{"start":{"line":96,"column":5},"end":{"line":102,"column":null}},"type":"binary-expr","locations":[{"start":{"line":96,"column":5},"end":{"line":96,"column":19}},{"start":{"line":97,"column":6},"end":{"line":101,"column":null}}]},"5":{"loc":{"start":{"line":99,"column":15},"end":{"line":99,"column":55}},"type":"cond-expr","locations":[{"start":{"line":99,"column":30},"end":{"line":99,"column":50}},{"start":{"line":99,"column":53},"end":{"line":99,"column":55}}]}},"s":{"0":0,"1":0,"2":0,"3":0,"4":0,"5":0,"6":0,"7":0,"8":0,"9":0,"10":0,"11":0,"12":0,"13":0},"f":{"0":0,"1":0},"b":{"0":[0,0],"1":[0,0],"2":[0,0],"3":[0,0],"4":[0,0],"5":[0,0]}}
,"C:\\Users\\Andrey\\IdeaProjects\\stellar-burgers1\\src\\components\\ui\\burger-constructor\\index.ts": {"path":"C:\\Users\\Andrey\\IdeaProjects\\stellar-burgers1\\src\\components\\ui\\burger-constructor\\index.ts","statementMap":{"0":{"start":{"line":1,"column":0},"end":{"line":1,"column":9}},"1":{"start":{"line":1,"column":9},"end":{"line":1,"column":59}}},"fnMap":{"0":{"name":"(anonymous_0)","decl":{"start":{"line":1,"column":9},"end":{"line":1,"column":28}},"loc":{"start":{"line":1,"column":9},"end":{"line":1,"column":59}}}},"branchMap":{},"s":{"0":0,"1":0},"f":{"0":0},"b":{}}
[...]
{"line":147,"column":2},"end":{"line":158,"column":7}},"63":{"start":{"line":154,"column":19},"end":{"line":154,"column":53}},"64":{"start":{"line":156,"column":6},"end":{"line":156,"column":37}},"65":{"start":{"line":156,"column":25},"end":{"line":156,"column":37}},"66":{"start":{"line":157,"column":6},"end":{"line":157,"column":34}},"67":{"start":{"line":146,"column":13},"end":{"line":146,"column":31}},"68":{"start":{"line":165,"column":28},"end":{"line":166,"column":7}},"69":{"start":{"line":166,"column":2},"end":{"line":177,"column":7}},"70":{"start":{"line":173,"column":19},"end":{"line":173,"column":53}},"71":{"start":{"line":175,"column":6},"end":{"line":175,"column":37}},"72":{"start":{"line":175,"column":25},"end":{"line":175,"column":37}},"73":{"start":{"line":176,"column":6},"end":{"line":176,"column":34}},"74":{"start":{"line":165,"column":13},"end":{"line":165,"column":28}},"75":{"start":{"line":179,"column":33},"end":{"line":180,"column":7}},"76":{"start":{"line":180,"column":2},"end":{"line":191,"column":7}},"77":{"start":{"line":187,"column":19},"end":{"line":187,"column":59}},"78":{"start":{"line":189,"column":6},"end":{"line":189,"column":37}},"79":{"start":{"line":189,"column":25},"end":{"line":189,"column":37}},"80":{"start":{"line":190,"column":6},"end":{"line":190,"column":34}},"81":{"start":{"line":179,"column":13},"end":{"line":179,"column":33}},"82":{"start":{"line":193,"column":32},"end":{"line":194,"column":7}},"83":{"start":{"line":194,"column":2},"end":{"line":205,"column":7}},"84":{"start":{"line":201,"column":19},"end":{"line":201,"column":59}},"85":{"start":{"line":203,"column":6},"end":{"line":203,"column":37}},"86":{"start":{"line":203,"column":25},"end":{"line":203,"column":37}},"87":{"start":{"line":204,"column":6},"end":{"line":204,"column":34}},"88":{"start":{"line":193,"column":13},"end":{"line":193,"column":32}},"89":{"start":{"line":209,"column":26},"end":{"line":210,"column":18}},"90":{"start":{"line":210,"column":2},"end":{"line":214,"column":5}},"91":{"start":{"line":209,"column":13},"end":{"line":209,"column":26}},"92":{"start":{"line":216,"column":29},"end":{"line":217,"column":18}},"93":{"start":{"line":217,"column":2},"end":{"line":224,"column":5}},"94":{"start":{"line":216,"column":13},"end":{"line":216,"column":29}},"95":{"start":{"line":226,"column":25},"end":{"line":227,"column":7}},"96":{"start":{"line":227,"column":2},"end":{"line":235,"column":60}},"97":{"start":{"line":235,"column":19},"end":{"line":235,"column":59}},"98":{"start":{"line":226,"column":13},"end":{"line":226,"column":25}}},"fnMap":{"0":{"name":"(anonymous_13)","decl":{"start":{"line":6,"column":22},"end":{"line":6,"column":26}},"loc":{"start":{"line":6,"column":39},"end":{"line":7,"column":5}}},"1":{"name":"(anonymous_14)","decl":{"start":{"line":7,"column":40},"end":{"line":7,"column":41}},"loc":{"start":{"line":7,"column":44},"end":{"line":7,"column":56}}},"2":{"name":"(anonymous_15)","decl":{"start":{"line":18,"column":28},"end":{"line":18,"column":null}},"loc":{"start":{"line":18,"column":28},"end":{"line":19,"column":7}}},"3":{"name":"(anonymous_16)","decl":{"start":{"line":28,"column":10},"end":{"line":28,"column":11}},"loc":{"start":{"line":28,"column":14},"end":{"line":28,"column":32}}},"4":{"name":"(anonymous_17)","decl":{"start":{"line":29,"column":10},"end":{"line":29,"column":11}},"loc":{"start":{"line":29,"column":22},"end":{"line":36,"column":5}}},"5":{"name":"(anonymous_18)","decl":{"start":{"line":38,"column":32},"end":{"line":38,"column":null}},"loc":{"start":{"line":40,"column":22},"end":{"line":58,"column":2}}},"6":{"name":"(anonymous_19)","decl":{"start":{"line":40,"column":22},"end":{"line":40,"column":null}},"loc":{"start":{"line":40,"column":22},"end":{"line":58,"column":2}}},"7":{"name":"(anonymous_21)","decl":{"start":{"line":74,"column":33},"end":{"line":74,"column":null}},"loc":{"start":{"line":74,"column":33},"end":{"line":75,"column":7}}},"8":{"name":"(anonymous_22)","decl":{"start":{"line":76,"column":10},"end":{"line":76,"column":11}},"loc":{"start":{"line":76,"column":14},"end":{"line":76,"column":32}}},"9":{"name":"(anonymous_23)","decl":{"start":{"line":77,"column":10},"end":{"line":77,"column":11}},"loc":{"start":{"line":77,"column":15},"end":{"line":80,"column":5}}},"10":{"name":"(anonymous_24)","decl":{"start":{"line":82,"column":27},"end":{"line":82,"column":null}},"loc":{"start":{"line":82,"column":27},"end":{"line":83,"column":7}}},"11":{"name":"(anonymous_25)","decl":{"start":{"line":84,"column":10},"end":{"line":84,"column":11}},"loc":{"start":{"line":84,"column":14},"end":{"line":84,"column":32}}},"12":{"name":"(anonymous_26)","decl":{"start":{"line":85,"column":10},"end":{"line":85,"column":11}},"loc":{"start":{"line":85,"column":15},"end":{"line":88,"column":5}}},"13":{"name":"(anonymous_27)","decl":{"start":{"line":90,"column":28},"end":{"line":90,"column":null}},"loc":{"start":{"line":90,"column":28},"end":{"line":91,"column":18}}},"14":{"name":"(anonymous_28)","decl":{"start":{"line":97,"column":10},"end":{"line":97,"column":11}},"loc":{"start":{"line":97,"column":15},"end":{"line":100,"column":3}}},"15":{"name":"(anonymous_29)","decl":{"start":{"line":107,"column":30},"end":{"line":107,"column":31}},"loc":{"start":{"line":107,"column":45},"end":{"line":108,"column":18}}},"16":{"name":"(anonymous_30)","decl":{"start":{"line":117,"column":10},"end":{"line":117,"column":11}},"loc":{"start":{"line":117,"column":15},"end":{"line":120,"column":3}}},"17":{"name":"(anonymous_31)","decl":{"start":{"line":126,"column":35},"end":{"line":126,"column":36}},"loc":{"start":{"line":126,"column":50},"end":{"line":127,"column":7}}},"18":{"name":"(anonymous_32)","decl":{"start":{"line":132,"column":10},"end":{"line":132,"column":11}},"loc":{"start":{"line":132,"column":14},"end":{"line":132,"column":32}}},"19":{"name":"(anonymous_33)","decl":{"start":{"line":146,"column":31},"end":{"line":146,"column":32}},"loc":{"start":{"line":146,"column":51},"end":{"line":147,"column":7}}},"20":{"name":"(anonymous_34)","decl":{"start":{"line":154,"column":10},"end":{"line":154,"column":11}},"loc":{"start":{"line":154,"column":14},"end":{"line":154,"column":32}}},"21":{"name":"(anonymous_35)","decl":{"start":{"line":155,"column":10},"end":{"line":155,"column":11}},"loc":{"start":{"line":155,"column":15},"end":{"line":158,"column":5}}},"22":{"name":"(anonymous_36)","decl":{"start":{"line":165,"column":28},"end":{"line":165,"column":29}},"loc":{"start":{"line":165,"column":45},"end":{"line":166,"column":7}}},"23":{"name":"(anonymous_37)","decl":{"start":{"line":173,"column":10},"end":{"line":173,"column":11}},"loc":{"start":{"line":173,"column":14},"end":{"line":173,"column":32}}},"24":{"name":"(anonymous_38)","decl":{"start":{"line":174,"column":10},"end":{"line":174,"column":11}},"loc":{"start":{"line":174,"column":15},"end":{"line":177,"column":5}}},"25":{"name":"(anonymous_39)","decl":{"start":{"line":179,"column":33},"end":{"line":179,"column":34}},"loc":{"start":{"line":179,"column":57},"end":{"line":180,"column":7}}},"26":{"name":"(anonymous_40)","decl":{"start":{"line":187,"column":10},"end":{"line":187,"column":11}},"loc":{"start":{"line":187,"column":14},"end":{"line":187,"column":32}}},"27":{"name":"(anonymous_41)","decl":{"start":{"line":188,"column":10},"end":{"line":188,"column":11}},"loc":{"start":{"line":188,"column":15},"end":{"line":191,"column":5}}},"28":{"name":"(anonymous_42)","decl":{"start":{"line":193,"column":32},"end":{"line":193,"column":33}},"loc":{"start":{"line":193,"column":74},"end":{"line":194,"column":7}}},"29":{"name":"(anonymous_43)","decl":{"start":{"line":201,"column":10},"end":{"line":201,"column":11}},"loc":{"start":{"line":201,"column":14},"end":{"line":201,"column":32}}},"30":{"name":"(anonymous_44)","decl":{"start":{"line":202,"column":10},"end":{"line":202,"column":11}},"loc":{"start":{"line":202,"column":15},"end":{"line":205,"column":5}}},"31":{"name":"(anonymous_45)","decl":{"start":{"line":209,"column":26},"end":{"line":209,"column":null}},"loc":{"start":{"line":209,"column":26},"end":{"line":210,"column":18}}},"32":{"name":"(anonymous_46)","decl":{"start":{"line":216,"column":29},"end":{"line":216,"column":30}},"loc":{"start":{"line":216,"column":58},"end":{"line":217,"column":18}}},"33":{"name":"(anonymous_47)","decl":{"start":{"line":226,"column":25},"end":{"line":226,"column":null}},"loc":{"start":{"line":226,"column":25},"end":{"line":227,"column":7}}},"34":{"name":"(anonymous_48)","decl":{"start":{"line":235,"column":10},"end":{"line":235,"column":11}},"loc":{"start":{"line":235,"column":14},"end":{"line":235,"column":32}}}},"branchMap":{"0":{"loc":{"start":{"line":7,"column":2},"end":{"line":7,"column":69}},"type":"cond-expr","locations":[{"start":{"line":7,"column":11},"end":{"line":7,"column":21}},{"start":{"line":7,"column":24},"end":{"line":7,"column":69}}]},"1":{"loc":{"start":{"line":30,"column":6},"end":{"line":32,"column":7}},"type":"if","locations":[{"start":{"line":30,"column":6},"end":{"line":32,"column":7}}]},"2":{"loc":{"start":{"line":44,"column":4},"end":{"line":44,"column":39}},"type":"switch","locations":[{"start":{"line":44,"column":4},"end":{"line":44,"column":39}},{"start":{"line":53,"column":6},"end":{"line":53,"column":41}},{"start":{"line":55,"column":6},"end":{"line":55,"column":33}}]},"3":{"loc":{"start":{"line":46,"column":8},"end":{"line":46,"column":9}},"type":"if","locations":[{"start":{"line":46,"column":8},"end":{"line":46,"column":9}}]},"4":{"loc":{"start":{"line":48,"column":6},"end":{"line":51,"column":7}},"type":"if","locations":[{"start":{"line":48,"column":6},"end":{"line":51,"column":7}}]},"5":{"loc":{"start":{"line":78,"column":6},"end":{"line":78,"column":42}},"type":"if","locations":[{"start":{"line":78,"column":6},"end":{"line":78,"column":42}}]},"6":{"loc":{"start":{"line":78,"column":10},"end":{"line":78,"column":23}},"type":"cond-expr","locations":[{"start":{"line":78,"column":14},"end":{"line":78,"column":16}},{"start":{"line":78,"column":10},"end":{"line":78,"column":23}}]},"7":{"loc":{"start":{"line":78,"column":10},"end":{"line":78,"column":16}},"type":"binary-expr","locations":[{"start":{"line":78,"column":10},"end":{"line":78,"column":16}},{"start":{"line":78,"column":10},"end":{"line":78,"column":16}}]},"8":{"loc":{"start":{"line":86,"column":6},"end":{"line":86,"column":37}},"type":"if","locations":[{"start":{"line":86,"column":6},"end":{"line":86,"column":37}}]},"9":{"loc":{"start":{"line":86,"column":10},"end":{"line":86,"column":23}},"type":"cond-expr","locations":[{"start":{"line":86,"column":14},"end":{"line":86,"column":16}},{"start":{"line":86,"column":10},"end":{"line":86,"column":23}}]},"10":{"loc":{"start":{"line":86,"column":10},"end":{"line":86,"column":16}},"type":"binary-expr","locations":[{"start":{"line":86,"column":10},"end":{"line":86,"column":16}},{"start":{"line":86,"column":10},"end":{"line":86,"column":16}}]},"11":{"loc":{"start":{"line":98,"column":4},"end":{"line":98,"column":42}},"type":"if","locations":[{"start":{"line":98,"column":4},"end":{"line":98,"column":42}}]},"12":{"loc":{"start":{"line":98,"column":8},"end":{"line":98,"column":21}},"type":"cond-expr","locations":[{"start":{"line":98,"column":12},"end":{"line":98,"column":14}},{"start":{"line":98,"column":8},"end":{"line":98,"column":21}}]},"13":{"loc":{"start":{"line":98,"column":8},"end":{"line":98,"column":14}},"type":"binary-expr","locations":[{"start":{"line":98,"column":8},"end":{"line":98,"column":14}},{"start":{"line":98,"column":8},"end":{"line":98,"column":14}}]},"14":{"loc":{"start":{"line":118,"column":4},"end":{"line":118,"column":35}},"type":"if","locations":[{"start":{"line":118,"column":4},"end":{"line":118,"column":35}}]},"15":{"loc":{"start":{"line":118,"column":8},"end":{"line":118,"column":21}},"type":"cond-expr","locations":[{"start":{"line":118,"column":12},"end":{"line":118,"column":14}},{"start":{"line":118,"column":8},"end":{"line":118,"column":21}}]},"16":{"loc":{"start":{"line":118,"column":8},"end":{"line":118,"column":14}},"type":"binary-expr","locations":[{"start":{"line":118,"column":8},"end":{"line":118,"column":14}},{"start":{"line":118,"column":8},"end":{"line":118,"column":14}}]},"17":{"loc":{"start":{"line":156,"column":6},"end":{"line":156,"column":37}},"type":"if","locations":[{"start":{"line":156,"column":6},"end":{"line":156,"column":37}}]},"18":{"loc":{"start":{"line":156,"column":10},"end":{"line":156,"column":23}},"type":"cond-expr","locations":[{"start":{"line":156,"column":14},"end":{"line":156,"column":16}},{"start":{"line":156,"column":10},"end":{"line":156,"column":23}}]},"19":{"loc":{"start":{"line":156,"column":10},"end":{"line":156,"column":16}},"type":"binary-expr","locations":[{"start":{"line":156,"column":10},"end":{"line":156,"column":16}},{"start":{"line":156,"column":10},"end":{"line":156,"column":16}}]},"20":{"loc":{"start":{"line":175,"column":6},"end":{"line":175,"column":37}},"type":"if","locations":[{"start":{"line":175,"column":6},"end":{"line":175,"column":37}}]},"21":{"loc":{"start":{"line":175,"column":10},"end":{"line":175,"column":23}},"type":"cond-expr","locations":[{"start":{"line":175,"column":14},"end":{"line":175,"column":16}},{"start":{"line":175,"column":10},"end":{"line":175,"column":23}}]},"22":{"loc":{"start":{"line":175,"column":10},"end":{"line":175,"column":16}},"type":"binary-expr","locations":[{"start":{"line":175,"column":10},"end":{"line":175,"column":16}},{"start":{"line":175,"column":10},"end":{"line":175,"column":16}}]},"23":{"loc":{"start":{"line":189,"column":6},"end":{"line":189,"column":37}},"type":"if","locations":[{"start":{"line":189,"column":6},"end":{"line":189,"column":37}}]},"24":{"loc":{"start":{"line":189,"column":10},"end":{"line":189,"column":23}},"type":"cond-expr","locations":[{"start":{"line":189,"column":14},"end":{"line":189,"column":16}},{"start":{"line":189,"column":10},"end":{"line":189,"column":23}}]},"25":{"loc":{"start":{"line":189,"column":10},"end":{"line":189,"column":16}},"type":"binary-expr","locations":[{"start":{"line":189,"column":10},"end":{"line":189,"column":16}},{"start":{"line":189,"column":10},"end":{"line":189,"column":16}}]},"26":{"loc":{"start":{"line":203,"column":6},"end":{"line":203,"column":37}},"type":"if","locations":[{"start":{"line":203,"column":6},"end":{"line":203,"column":37}}]},"27":{"loc":{"start":{"line":203,"column":10},"end":{"line":203,"column":23}},"type":"cond-expr","locations":[{"start":{"line":203,"column":14},"end":{"line":203,"column":16}},{"start":{"line":203,"column":10},"end":{"line":203,"column":23}}]},"28":{"loc":{"start":{"line":203,"column":10},"end":{"line":203,"column":16}},"type":"binary-expr","locations":[{"start":{"line":203,"column":10},"end":{"line":203,"column":16}},{"start":{"line":203,"column":10},"end":{"line":203,"column":16}}]}},"s":{"0":5,"1":5,"2":5,"3":0,"4":0,"5":5,"6":0,"7":0,"8":0,"9":0,"10":0,"11":0,"12":0,"13":5,"14":5,"15":0,"16":0,"17":0,"18":0,"19":0,"20":0,"21":0,"22":0,"23":0,"24":0,"25":0,"26":0,"27":0,"28":0,"29":0,"30":5,"31":5,"32":0,"33":0,"34":0,"35":0,"36":0,"37":5,"38":5,"39":0,"40":0,"41":0,"42":0,"43":0,"44":5,"45":5,"46":0,"47":0,"48":0,"49":0,"50":5,"51":5,"52":0,"53":0,"54":0,"55":0,"56":5,"57":5,"58":0,"59":0,"60":5,"61":5,"62":0,"63":0,"64":0,"65":0,"66":0,"67":5,"68":5,"69":0,"70":0,"71":0,"72":0,"73":0,"74":5,"75":5,"76":0,"77":0,"78":0,"79":0,"80":0,"81":5,"82":5,"83":0,"84":0,"85":0,"86":0,"87":0,"88":5,"89":5,"90":0,"91":5,"92":5,"93":0,"94":5,"95":5,"96":0,"97":0,"98":5},"f":{"0":0,"1":0,"2":0,"3":0,"4":0,"5":0,"6":0,"7":0,"8":0,"9":0,"10":0,"11":0,"12":0,"13":0,"14":0,"15":0,"16":0,"17":0,"18":0,"19":0,"20":0,"21":0,"22":0,"23":0,"24":0,"25":0,"26":0,"27":0,"28":0,"29":0,"30":0,"31":0,"32":0,"33":0,"34":0},"b":{"0":[0,0],"1":[0],"2":[0,0,0],"3":[0],"4":[0],"5":[0],"6":[0,0],"7":[0,0],"8":[0],"9":[0,0],"10":[0,0],"11":[0],"12":[0,0],"13":[0,0],"14":[0],"15":[0,0],"16":[0,0],"17":[0],"18":[0,0],"19":[0,0],"20":[0],"21":[0,0],"22":[0,0],"23":[0],"24":[0,0],"25":[0,0],"26":[0],"27":[0,0],"28":[0,0]}}
,"C:\\Users\\Andrey\\IdeaProjects\\stellar-burgers1\\src\\utils\\cookie.ts": {"path":"C:\\Users\\Andrey\\IdeaProjects\\stellar-burgers1\\src\\utils\\cookie.ts","statementMap":{"0":{"start":{"line":2,"column":18},"end":{"line":8,"column":null}},"1":{"start":{"line":10,"column":2},"end":{"line":10,"column":62}},"2":{"start":{"line":1,"column":0},"end":{"line":1,"column":16}},"3":{"start":{"line":16,"column":2},"end":{"line":16,"column":null}},"4":{"start":{"line":18,"column":2},"end":{"line":21,"column":4}},"5":{"start":{"line":23,"column":12},"end":{"line":23,"column":25}},"6":{"start":{"line":24,"column":2},"end":{"line":28,"column":3}},"7":{"start":{"line":25,"column":14},"end":{"line":25,"column":24}},"8":{"start":{"line":26,"column":4},"end":{"line":26,"column":40}},"9":{"start":{"line":27,"column":4},"end":{"line":27,"column":28}},"10":{"start":{"line":30,"column":2},"end":{"line":32,"column":3}},"11":{"start":{"line":31,"column":4},"end":{"line":31,"column":38}},"12":{"start":{"line":33,"column":2},"end":{"line":33,"column":36}},"13":{"start":{"line":34,"column":22},"end":{"line":34,"column":40}},"14":{"start":{"line":35,"column":2},"end":{"line":41,"column":3}},"15":{"start":{"line":36,"column":4},"end":{"line":36,"column":37}},"16":{"start":{"line":37,"column":22},"end":{"line":37,"column":37}},"17":{"start":{"line":38,"column":4},"end":{"line":40,"column":5}},"18":{"start":{"line":39,"column":6},"end":{"line":39,"column":39}},"19":{"start":{"line":42,"column":2},"end":{"line":42,"column":34}},"20":{"start":{"line":13,"column":0},"end":{"line":13,"column":16}},"21":{"start":{"line":46,"column":2},"end":{"line":46,"column":39}},"22":{"start":{"line":45,"column":0},"end":{"line":45,"column":16}}},"fnMap":{"0":{"name":"getCookie","decl":{"start":{"line":1,"column":16},"end":{"line":1,"column":25}},"loc":{"start":{"line":1,"column":38},"end":{"line":11,"column":1}}},"1":{"name":"setCookie","decl":{"start":{"line":13,"column":16},"end":{"line":13,"column":25}},"loc":{"start":{"line":16,"column":65},"end":{"line":43,"column":1}}},"2":{"name":"deleteCookie","decl":{"start":{"line":45,"column":16},"end":{"line":45,"column":28}},"loc":{"start":{"line":45,"column":41},"end":{"line":47,"column":1}}}},"branchMap":{"0":{"loc":{"start":{"line":10,"column":9},"end":{"line":10,"column":61}},"type":"cond-expr","locations":[{"start":{"line":10,"column":19},"end":{"line":10,"column":49}},{"start":{"line":10,"column":52},"end":{"line":10,"column":61}}]},"1":{"loc":{"start":{"line":16,"column":2},"end":{"line":16,"column":null}},"type":"if","locations":[{"start":{"line":16,"column":2},"end":{"line":16,"column":null}}]},"2":{"loc":{"start":{"line":24,"column":2},"end":{"line":28,"column":3}},"type":"if","locations":[{"start":{"line":24,"column":2},"end":{"line":28,"column":3}}]},"3":{"loc":{"start":{"line":24,"column":6},"end":{"line":24,"column":36}},"type":"binary-expr","locations":[{"start":{"line":24,"column":6},"end":{"line":24,"column":9}},{"start":{"line":24,"column":13},"end":{"line":24,"column":36}}]},"4":{"loc":{"start":{"line":30,"column":2},"end":{"line":32,"column":3}},"type":"if","locations":[{"start":{"line":30,"column":2},"end":{"line":32,"column":3}}]},"5":{"loc":{"start":{"line":30,"column":6},"end":{"line":30,"column":32}},"type":"binary-expr","locations":[{"start":{"line":30,"column":6},"end":{"line":30,"column":9}},{"start":{"line":30,"column":13},"end":{"line":30,"column":32}}]},"6":{"loc":{"start":{"line":38,"column":4},"end":{"line":40,"column":5}},"type":"if","locations":[{"start":{"line":38,"column":4},"end":{"line":40,"column":5}}]}},"s":{"0":0,"1":0,"2":5,"3":0,"4":0,"5":0,"6":0,"7":0,"8":0,"9":0,"10":0,"11":0,"12":0,"13":0,"14":0,"15":0,"16":0,"17":0,"18":0,"19":0,"20":5,"21":0,"22":5},"f":{"0":0,"1":0,"2":0},"b":{"0":[0,0],"1":[0],"2":[0],"3":[0,0],"4":[0],"5":[0,0],"6":[0]}}
}
